EXIT CODE: 0
============================= test session starts ==============================
platform linux -- Python 3.14.4, pytest-9.0.3, pluggy-1.6.0 -- /usr/bin/python
cachedir: .pytest_cache
rootdir: /home/gutua/agentic-orchestrator/projects/.worktrees/edge_921ca0c22f3d
configfile: pyproject.toml
plugins: anyio-4.13.0, typeguard-4.4.4
collecting ... collected 3199 items

tests/situation_monitor/test_acceptance_belfast.py::TestIngestionStub::test_left_feed_produces_articles PASSED [  0%]
tests/situation_monitor/test_acceptance_belfast.py::TestIngestionStub::test_right_feed_produces_articles PASSED [  0%]
tests/situation_monitor/test_acceptance_belfast.py::TestIngestionStub::test_left_articles_have_source_lean_left PASSED [  0%]
tests/situation_monitor/test_acceptance_belfast.py::TestIngestionStub::test_right_articles_have_source_lean_right PASSED [  0%]
tests/situation_monitor/test_acceptance_belfast.py::TestIngestionStub::test_combined_feed_has_articles_from_both_sources PASSED [  0%]
tests/situation_monitor/test_acceptance_belfast.py::TestIngestionStub::test_fixture_articles_about_climate_policy PASSED [  0%]
tests/situation_monitor/test_acceptance_belfast.py::TestIngestionStub::test_articles_have_non_empty_url PASSED [  0%]
tests/situation_monitor/test_acceptance_belfast.py::TestIngestionStub::test_articles_have_non_empty_title PASSED [  0%]
tests/situation_monitor/test_acceptance_belfast.py::TestBelfastConstraintDefaultSpin::test_at_least_one_event_with_both_columns_non_empty PASSED [  0%]
tests/situation_monitor/test_acceptance_belfast.py::TestBelfastConstraintDefaultSpin::test_left_column_non_empty PASSED [  0%]
tests/situation_monitor/test_acceptance_belfast.py::TestBelfastConstraintDefaultSpin::test_right_column_non_empty PASSED [  0%]
tests/situation_monitor/test_acceptance_belfast.py::TestBelfastConstraintDefaultSpin::test_climate_articles_clustered_into_same_event PASSED [  0%]
tests/situation_monitor/test_acceptance_belfast.py::TestBelfastConstraintDefaultSpin::test_high_significance_event_has_positive_spin_delta PASSED [  0%]
tests/situation_monitor/test_acceptance_belfast.py::TestBelfastConstraintDefaultSpin::test_no_articles_are_lost PASSED [  0%]
tests/situation_monitor/test_acceptance_belfast.py::TestBelfastConstraintWithSpinEstimator::test_at_least_one_event_both_columns_non_empty PASSED [  0%]
tests/situation_monitor/test_acceptance_belfast.py::TestBelfastConstraintWithSpinEstimator::test_left_column_non_empty_with_estimator PASSED [  0%]
tests/situation_monitor/test_acceptance_belfast.py::TestBelfastConstraintWithSpinEstimator::test_right_column_non_empty_with_estimator PASSED [  0%]
tests/situation_monitor/test_acceptance_belfast.py::TestBelfastConstraintWithSpinEstimator::test_spin_pct_from_estimator_in_range PASSED [  0%]
tests/situation_monitor/test_acceptance_belfast.py::TestBelfastConstraintWithSpinEstimator::test_estimator_spin_results_carry_receipts PASSED [  0%]
tests/situation_monitor/test_acceptance_belfast.py::TestBelfastConstraintWithSpinEstimator::test_left_articles_have_left_lens_from_estimator PASSED [  0%]
tests/situation_monitor/test_acceptance_belfast.py::TestBelfastConstraintWithSpinEstimator::test_right_articles_have_right_lens_from_estimator PASSED [  0%]
tests/situation_monitor/test_acceptance_belfast.py::TestBelfastConstraintWithSpinEstimator::test_high_significance_spin_delta_with_estimator PASSED [  0%]
tests/situation_monitor/test_acceptance_belfast.py::TestBelfastDashboardRender::test_dashboard_renders_200 PASSED [  0%]
tests/situation_monitor/test_acceptance_belfast.py::TestBelfastDashboardRender::test_dashboard_has_dual_lens_events_section PASSED [  0%]
tests/situation_monitor/test_acceptance_belfast.py::TestBelfastDashboardRender::test_dashboard_has_left_column PASSED [  0%]
tests/situation_monitor/test_acceptance_belfast.py::TestBelfastDashboardRender::test_dashboard_has_right_column PASSED [  0%]
tests/situation_monitor/test_acceptance_belfast.py::TestBelfastDashboardRender::test_dashboard_left_column_has_article PASSED [  0%]
tests/situation_monitor/test_acceptance_belfast.py::TestBelfastDashboardRender::test_dashboard_right_column_has_article PASSED [  0%]
tests/situation_monitor/test_acceptance_belfast.py::TestBelfastDashboardRender::test_dashboard_spin_pct_annotation_present PASSED [  0%]
tests/situation_monitor/test_acceptance_belfast.py::TestBelfastDashboardRender::test_api_events_endpoint_returns_dual_events PASSED [  0%]
tests/situation_monitor/test_acceptance_belfast.py::TestBelfastDashboardRender::test_api_events_has_left_articles_for_climate_event PASSED [  0%]
tests/situation_monitor/test_acceptance_belfast.py::TestBelfastDashboardRender::test_api_events_has_right_articles_for_climate_event PASSED [  1%]
tests/situation_monitor/test_dashboard.py::TestDualLensColumnStructure::test_col_left_class_present PASSED [  1%]
tests/situation_monitor/test_dashboard.py::TestDualLensColumnStructure::test_col_right_class_present PASSED [  1%]
tests/situation_monitor/test_dashboard.py::TestDualLensColumnStructure::test_left_h4_heading_rendered PASSED [  1%]
tests/situation_monitor/test_dashboard.py::TestDualLensColumnStructure::test_right_h4_heading_rendered PASSED [  1%]
tests/situation_monitor/test_dashboard.py::TestDualLensColumnStructure::test_dual_cols_class_wraps_both_columns PASSED [  1%]
tests/situation_monitor/test_dashboard.py::TestDualLensColumnStructure::test_both_columns_present_for_dual_lens_event PASSED [  1%]
tests/situation_monitor/test_dashboard.py::TestDualLensColumnStructure::test_event_card_class_present PASSED [  1%]
tests/situation_monitor/test_dashboard.py::TestDualLensColumnStructure::test_event_title_appears_in_html PASSED [  1%]
tests/situation_monitor/test_dashboard.py::TestDualLensColumnStructure::test_multiple_events_all_rendered PASSED [  1%]
tests/situation_monitor/test_dashboard.py::TestDualLensColumnStructure::test_no_events_section_absent_when_event_list_empty PASSED [  1%]
tests/situation_monitor/test_dashboard.py::TestDualLensColumnStructure::test_dual_lens_events_heading_present_when_events_exist PASSED [  1%]
tests/situation_monitor/test_dashboard.py::TestDualLensColumnStructure::test_no_events_callback_renders_without_error PASSED [  1%]
tests/situation_monitor/test_dashboard.py::TestDualLensColumnStructure::test_article_url_appears_as_href_in_left_column PASSED [  1%]
tests/situation_monitor/test_dashboard.py::TestDualLensColumnStructure::test_article_url_appears_as_href_in_right_column PASSED [  1%]
tests/situation_monitor/test_dashboard.py::TestDualLensColumnStructure::test_article_source_appears_in_left_column PASSED [  1%]
tests/situation_monitor/test_dashboard.py::TestDualLensColumnStructure::test_multiple_left_articles_all_appear PASSED [  1%]
tests/situation_monitor/test_dashboard.py::TestDualLensColumnStructure::test_empty_left_shows_placeholder_text PASSED [  1%]
tests/situation_monitor/test_dashboard.py::TestDualLensColumnStructure::test_empty_right_shows_placeholder_text PASSED [  1%]
tests/situation_monitor/test_dashboard.py::TestDualLensColumnStructure::test_non_empty_left_does_not_show_left_placeholder PASSED [  1%]
tests/situation_monitor/test_dashboard.py::TestDualLensColumnStructure::test_non_empty_right_does_not_show_right_placeholder PASSED [  1%]
tests/situation_monitor/test_dashboard.py::TestSpinBadgeAnnotations::test_spin_badge_class_present_in_left_column PASSED [  1%]
tests/situation_monitor/test_dashboard.py::TestSpinBadgeAnnotations::test_spin_pct_label_present PASSED [  1%]
tests/situation_monitor/test_dashboard.py::TestSpinBadgeAnnotations::test_spin_pct_value_formatted_one_decimal PASSED [  1%]
tests/situation_monitor/test_dashboard.py::TestSpinBadgeAnnotations::test_spin_pct_in_right_column PASSED [  1%]
tests/situation_monitor/test_dashboard.py::TestSpinBadgeAnnotations::test_spin_pct_zero_formatted_correctly PASSED [  1%]
tests/situation_monitor/test_dashboard.py::TestSpinBadgeAnnotations::test_spin_pct_100_formatted_correctly PASSED [  1%]
tests/situation_monitor/test_dashboard.py::TestSpinBadgeAnnotations::test_two_articles_have_two_spin_badges PASSED [  1%]
tests/situation_monitor/test_dashboard.py::TestSpinBadgeAnnotations::test_spin_delta_class_present PASSED [  1%]
tests/situation_monitor/test_dashboard.py::TestSpinBadgeAnnotations::test_spin_delta_value_rendered PASSED [  1%]
tests/situation_monitor/test_dashboard.py::TestSpinBadgeAnnotations::test_spin_delta_zero_rendered PASSED [  1%]
tests/situation_monitor/test_dashboard.py::TestApiEventsEndpoint::test_returns_200 PASSED [  1%]
tests/situation_monitor/test_dashboard.py::TestApiEventsEndpoint::test_empty_list_when_no_events PASSED [  2%]
tests/situation_monitor/test_dashboard.py::TestApiEventsEndpoint::test_returns_list_with_one_event PASSED [  2%]
tests/situation_monitor/test_dashboard.py::TestApiEventsEndpoint::test_event_dict_contains_left_and_right_articles PASSED [  2%]
tests/situation_monitor/test_dashboard.py::TestApiEventsEndpoint::test_spin_delta_in_response PASSED [  2%]
tests/situation_monitor/test_dashboard.py::TestApiEventsEndpoint::test_article_dict_contains_spin_pct PASSED [  2%]
tests/situation_monitor/test_dashboard.py::TestApiEventsEndpoint::test_article_dict_contains_spin_lens PASSED [  2%]
tests/situation_monitor/test_dashboard.py::TestApiEventsEndpoint::test_article_dict_contains_spin_receipts PASSED [  2%]
tests/situation_monitor/test_dashboard.py::TestApiEventsEndpoint::test_article_dict_contains_title_and_url PASSED [  2%]
tests/situation_monitor/test_dashboard.py::TestApiEventsEndpoint::test_multiple_events_all_in_response PASSED [  2%]
tests/situation_monitor/test_dashboard.py::TestApiEventsEndpoint::test_no_get_events_callback_returns_empty_list PASSED [  2%]
tests/situation_monitor/test_dashboard.py::TestApiEventsEndpoint::test_center_articles_in_response PASSED [  2%]
tests/situation_monitor/test_dashboard.py::TestApiEventRationale::test_returns_200_for_valid_index PASSED [  2%]
tests/situation_monitor/test_dashboard.py::TestApiEventRationale::test_contains_event_title PASSED [  2%]
tests/situation_monitor/test_dashboard.py::TestApiEventRationale::test_receipts_field_present PASSED [  2%]
tests/situation_monitor/test_dashboard.py::TestApiEventRationale::test_receipts_includes_all_articles PASSED [  2%]
tests/situation_monitor/test_dashboard.py::TestApiEventRationale::test_out_of_range_index_returns_404 PASSED [  2%]
tests/situation_monitor/test_dashboard.py::TestApiEventRationale::test_negative_index_returns_404 PASSED [  2%]
tests/situation_monitor/test_dashboard.py::TestApiEventRationale::test_non_integer_cluster_id_returns_404 PASSED [  2%]
tests/situation_monitor/test_dashboard.py::TestApiEventRationale::test_too_large_index_returns_404 PASSED [  2%]
tests/situation_monitor/test_dashboard.py::TestApiEventRationale::test_center_articles_included_in_receipts PASSED [  2%]
tests/situation_monitor/test_dashboard.py::TestApiPractical::test_returns_200_without_callback PASSED [  2%]
tests/situation_monitor/test_dashboard.py::TestApiPractical::test_returns_empty_list_without_callback PASSED [  2%]
tests/situation_monitor/test_dashboard.py::TestApiPractical::test_returns_empty_list_when_callback_returns_empty PASSED [  2%]
tests/situation_monitor/test_dashboard.py::TestEventToDict::test_event_title_in_dict PASSED [  2%]
tests/situation_monitor/test_dashboard.py::TestEventToDict::test_spin_delta_in_dict PASSED [  2%]
tests/situation_monitor/test_dashboard.py::TestEventToDict::test_left_articles_list_in_dict PASSED [  2%]
tests/situation_monitor/test_dashboard.py::TestEventToDict::test_right_articles_list_in_dict PASSED [  2%]
tests/situation_monitor/test_dashboard.py::TestEventToDict::test_center_articles_list_in_dict PASSED [  2%]
tests/situation_monitor/test_dashboard.py::TestEventToDict::test_article_dict_has_required_keys PASSED [  2%]
tests/situation_monitor/test_dashboard.py::TestEventToDict::test_empty_event_all_article_lists_empty PASSED [  2%]
tests/situation_monitor/test_digest.py::TestDailyDigestDualLensSection::test_top_stories_header_present PASSED [  2%]
tests/situation_monitor/test_digest.py::TestDailyDigestDualLensSection::test_event_title_appears_in_output PASSED [  2%]
tests/situation_monitor/test_digest.py::TestDailyDigestDualLensSection::test_left_article_count_shown_in_bracket PASSED [  3%]
tests/situation_monitor/test_digest.py::TestDailyDigestDualLensSection::test_right_article_count_shown_in_bracket PASSED [  3%]
tests/situation_monitor/test_digest.py::TestDailyDigestDualLensSection::test_spin_delta_displayed_when_above_5_percent PASSED [  3%]
tests/situation_monitor/test_digest.py::TestDailyDigestDualLensSection::test_spin_delta_hidden_when_at_or_below_5_percent PASSED [  3%]
tests/situation_monitor/test_digest.py::TestDailyDigestDualLensSection::test_spin_delta_hidden_when_exactly_zero PASSED [  3%]
tests/situation_monitor/test_digest.py::TestDailyDigestDualLensSection::test_center_article_count_shown PASSED [  3%]
tests/situation_monitor/test_digest.py::TestDailyDigestDualLensSection::test_empty_events_shows_no_stories_placeholder PASSED [  3%]
tests/situation_monitor/test_digest.py::TestDailyDigestDualLensSection::test_empty_events_omits_top_stories_header PASSED [  3%]
tests/situation_monitor/test_digest.py::TestDailyDigestDualLensSection::test_top_n_limits_number_of_events_shown PASSED [  3%]
tests/situation_monitor/test_digest.py::TestDailyDigestDualLensSection::test_top_n_zero_shows_no_events PASSED [  3%]
tests/situation_monitor/test_digest.py::TestDailyDigestDualLensSection::test_as_of_date_in_header PASSED [  3%]
tests/situation_monitor/test_digest.py::TestDailyDigestDualLensSection::test_header_always_present PASSED [  3%]
tests/situation_monitor/test_digest.py::TestDailyDigestDualLensSection::test_no_bracket_when_all_articles_missing PASSED [  3%]
tests/situation_monitor/test_digest.py::TestDailyDigestPracticalMoversSection::test_market_movers_header_present_when_movers_nonempty PASSED [  3%]
tests/situation_monitor/test_digest.py::TestDailyDigestPracticalMoversSection::test_asset_name_appears_in_output PASSED [  3%]
tests/situation_monitor/test_digest.py::TestDailyDigestPracticalMoversSection::test_up_arrow_for_positive_direction PASSED [  3%]
tests/situation_monitor/test_digest.py::TestDailyDigestPracticalMoversSection::test_down_arrow_for_negative_direction PASSED [  3%]
tests/situation_monitor/test_digest.py::TestDailyDigestPracticalMoversSection::test_neutral_arrow_for_neutral_direction PASSED [  3%]
tests/situation_monitor/test_digest.py::TestDailyDigestPracticalMoversSection::test_change_pct_formatted_to_one_decimal_place PASSED [  3%]
tests/situation_monitor/test_digest.py::TestDailyDigestPracticalMoversSection::test_change_pct_abs_value_displayed PASSED [  3%]
tests/situation_monitor/test_digest.py::TestDailyDigestPracticalMoversSection::test_no_market_movers_header_when_movers_empty PASSED [  3%]
tests/situation_monitor/test_digest.py::TestDailyDigestPracticalMoversSection::test_only_top_5_movers_shown PASSED [  3%]
tests/situation_monitor/test_digest.py::TestDailyDigestPracticalMoversSection::test_both_sections_present_together PASSED [  3%]
tests/situation_monitor/test_digest.py::TestBreakingPingNoToken::test_does_not_raise_without_token PASSED [  3%]
tests/situation_monitor/test_digest.py::TestBreakingPingNoToken::test_does_not_call_urlopen_without_token PASSED [  3%]
tests/situation_monitor/test_digest.py::TestBreakingPingNoToken::test_returns_none_without_token PASSED [  3%]
tests/situation_monitor/test_digest.py::TestBreakingPingNoToken::test_silent_for_empty_article_list_without_token PASSED [  3%]
tests/situation_monitor/test_digest.py::TestBreakingPingNoToken::test_logs_debug_message_when_token_absent PASSED [  3%]
tests/situation_monitor/test_digest.py::TestBreakingPingNoToken::test_does_not_raise_when_env_var_explicitly_empty_string PASSED [  3%]
tests/situation_monitor/test_digest.py::TestBreakingPingNoChatId::test_no_network_call_without_chat_id PASSED [  3%]
tests/situation_monitor/test_digest.py::TestBreakingPingNoChatId::test_logs_warning_when_chat_id_absent PASSED [  3%]
tests/situation_monitor/test_digest.py::TestBreakingPingNoChatId::test_returns_none_when_chat_id_absent PASSED [  3%]
tests/situation_monitor/test_digest.py::TestBreakingPingThresholdGate::test_below_threshold_does_not_send PASSED [  4%]
tests/situation_monitor/test_digest.py::TestBreakingPingThresholdGate::test_exactly_at_threshold_sends PASSED [  4%]
tests/situation_monitor/test_digest.py::TestBreakingPingThresholdGate::test_above_threshold_sends PASSED [  4%]
tests/situation_monitor/test_digest.py::TestBreakingPingThresholdGate::test_custom_threshold_respected PASSED [  4%]
tests/situation_monitor/test_digest.py::TestBreakingPingThresholdGate::test_threshold_read_from_env_var PASSED [  4%]
tests/situation_monitor/test_digest.py::TestBreakingPingThresholdGate::test_none_relevance_score_treated_as_zero PASSED [  4%]
tests/situation_monitor/test_digest.py::TestBreakingPingThresholdGate::test_all_articles_below_threshold_no_send PASSED [  4%]
tests/situation_monitor/test_digest.py::TestBreakingPingThresholdGate::test_only_above_threshold_articles_in_send_payload PASSED [  4%]
tests/situation_monitor/test_digest.py::TestBreakingPingThresholdGate::test_send_payload_limited_to_five_articles PASSED [  4%]
tests/situation_monitor/test_digest.py::TestBreakingPingThresholdGate::test_send_uses_markdown_parse_mode PASSED [  4%]
tests/situation_monitor/test_digest.py::TestBreakingPingThresholdGate::test_send_passes_correct_chat_id PASSED [  4%]
tests/situation_monitor/test_digest.py::TestBreakingPingThresholdGate::test_special_chars_in_title_are_escaped PASSED [  4%]
tests/situation_monitor/test_digest.py::TestBreakingPingThresholdGate::test_send_failure_does_not_raise PASSED [  4%]
tests/situation_monitor/test_digest.py::TestBreakingPingThresholdGate::test_empty_article_list_no_send_even_with_token PASSED [  4%]
tests/situation_monitor/test_digest.py::TestRunScheduler::test_adds_daily_digest_job PASSED [  4%]
tests/situation_monitor/test_digest.py::TestRunScheduler::test_default_hour_is_seven PASSED [  4%]
tests/situation_monitor/test_digest.py::TestRunScheduler::test_custom_hour_passed_to_trigger PASSED [  4%]
tests/situation_monitor/test_digest.py::TestRunScheduler::test_misfire_grace_time_set PASSED [  4%]
tests/situation_monitor/test_digest.py::TestRunDigestErrorHandling::test_ingestion_failure_logs_and_returns PASSED [  4%]
tests/situation_monitor/test_digest.py::TestRunDigestErrorHandling::test_practical_movers_failure_falls_back_to_empty PASSED [  4%]
tests/situation_monitor/test_dual_lens.py::TestCrossLensPairing::test_opposite_lens_articles_cluster_into_single_event PASSED [  4%]
tests/situation_monitor/test_dual_lens.py::TestCrossLensPairing::test_left_article_in_left_bucket PASSED [  4%]
tests/situation_monitor/test_dual_lens.py::TestCrossLensPairing::test_right_article_in_right_bucket PASSED [  4%]
tests/situation_monitor/test_dual_lens.py::TestCrossLensPairing::test_neither_article_lost PASSED [  4%]
tests/situation_monitor/test_dual_lens.py::TestCrossLensPairing::test_center_bucket_empty_for_two_opposite_lens_articles PASSED [  4%]
tests/situation_monitor/test_dual_lens.py::TestCrossLensPairing::test_spin_delta_positive_for_opposite_lenses PASSED [  4%]
tests/situation_monitor/test_dual_lens.py::TestCrossLensPairing::test_spin_delta_zero_when_both_lenses_equal_spin_pct PASSED [  4%]
tests/situation_monitor/test_dual_lens.py::TestCrossLensPairing::test_order_independence_left_first PASSED [  4%]
tests/situation_monitor/test_dual_lens.py::TestCrossLensPairing::test_paired_event_spin_delta_always_non_negative PASSED [  4%]
tests/situation_monitor/test_dual_lens.py::TestSpinFnDeterminesBucket::test_spin_fn_right_overrides_left_source_lean PASSED [  4%]
tests/situation_monitor/test_dual_lens.py::TestSpinFnDeterminesBucket::test_spin_fn_left_overrides_right_source_lean PASSED [  4%]
tests/situation_monitor/test_dual_lens.py::TestSpinFnDeterminesBucket::test_spin_fn_center_overrides_extreme_source_lean PASSED [  4%]
tests/situation_monitor/test_dual_lens.py::TestSpinFnDeterminesBucket::test_left_center_lens_routes_to_left_bucket PASSED [  5%]
tests/situation_monitor/test_dual_lens.py::TestSpinFnDeterminesBucket::test_right_center_lens_routes_to_right_bucket PASSED [  5%]
tests/situation_monitor/test_dual_lens.py::TestSpinFnDeterminesBucket::test_unknown_lens_string_routes_to_center PASSED [  5%]
tests/situation_monitor/test_dual_lens.py::TestThreeWayCrossLensPairing::test_three_way_event_left_right_center_all_paired PASSED [  5%]
tests/situation_monitor/test_dual_lens.py::TestThreeWayCrossLensPairing::test_two_left_one_right_buckets_correct PASSED [  5%]
tests/situation_monitor/test_dual_lens.py::TestThreeWayCrossLensPairing::test_spin_delta_averages_across_multiple_articles_per_side PASSED [  5%]
tests/situation_monitor/test_dual_lens.py::TestThreeWayCrossLensPairing::test_center_articles_do_not_affect_spin_delta PASSED [  5%]
tests/situation_monitor/test_dual_lens.py::TestTransitiveCrossLensPairing::test_third_article_joins_via_shared_vocab_with_second PASSED [  5%]
tests/situation_monitor/test_dual_lens.py::TestTransitiveCrossLensPairing::test_transitive_cluster_preserves_cross_lens_bucket_assignment PASSED [  5%]
tests/situation_monitor/test_dual_lens.py::TestTransitiveCrossLensPairing::test_unrelated_event_stays_separate PASSED [  5%]
tests/situation_monitor/test_dual_lens.py::TestTransitiveCrossLensPairing::test_no_spurious_cross_event_merging PASSED [  5%]
tests/situation_monitor/test_dual_lens.py::TestStubSpinSourceLeanIntegration::test_stub_spin_uses_source_lean_left PASSED [  5%]
tests/situation_monitor/test_dual_lens.py::TestStubSpinSourceLeanIntegration::test_stub_spin_uses_source_lean_right PASSED [  5%]
tests/situation_monitor/test_dual_lens.py::TestStubSpinSourceLeanIntegration::test_stub_spin_falls_back_to_prior_for_unknown_source PASSED [  5%]
tests/situation_monitor/test_dual_lens.py::TestStubSpinSourceLeanIntegration::test_stub_spin_uses_prior_for_known_source_without_lean PASSED [  5%]
tests/situation_monitor/test_dual_lens.py::TestStubSpinSourceLeanIntegration::test_group_by_event_uses_source_lean_for_bucketing_with_default_spin_fn PASSED [  5%]
tests/situation_monitor/test_dual_lens.py::TestStubSpinSourceLeanIntegration::test_group_by_event_two_opposite_leans_pair_with_default_spin_fn PASSED [  5%]
tests/situation_monitor/test_dual_lens.py::TestHighSignificanceEvent::test_large_spin_delta_indicates_high_significance PASSED [  5%]
tests/situation_monitor/test_dual_lens.py::TestHighSignificanceEvent::test_max_spin_delta_bounded_by_100 PASSED [  5%]
tests/situation_monitor/test_dual_lens.py::TestHighSignificanceEvent::test_symmetric_event_has_zero_delta PASSED [  5%]
tests/situation_monitor/test_dual_lens.py::TestReturnTypeInvariants::test_each_element_is_dual_lens_event_instance PASSED [  5%]
tests/situation_monitor/test_dual_lens.py::TestReturnTypeInvariants::test_annotated_article_links_to_original_article_object PASSED [  5%]
tests/situation_monitor/test_dual_lens.py::TestReturnTypeInvariants::test_annotated_article_spin_is_returned_by_spin_fn PASSED [  5%]
tests/situation_monitor/test_dual_lens.py::TestReturnTypeInvariants::test_spin_delta_is_float_for_cross_lens_event PASSED [  5%]
tests/situation_monitor/test_dual_lens.py::TestReturnTypeInvariants::test_total_articles_conserved_across_cross_lens_events PASSED [  5%]
tests/situation_monitor/test_dual_lens.py::TestReturnTypeInvariants::test_event_title_is_longest_title_in_cluster PASSED [  5%]
tests/test_acceptance.py::test_acceptance_file_exists PASSED             [  5%]
tests/test_acceptance.py::test_acceptance_file_is_nonempty PASSED        [  5%]
tests/test_acceptance.py::test_acceptance_file_references_bundled_fixture PASSED [  5%]
tests/test_acceptance.py::test_acceptance_script_exits_zero PASSED       [  5%]
tests/test_acceptance.py::test_acceptance_script_stdout_is_nonempty PASSED [  5%]
tests/test_acceptance.py::test_acceptance_script_stdout_contains_digest_header PASSED [  5%]
tests/test_acceptance.py::test_acceptance_script_stdout_contains_article PASSED [  6%]
tests/test_acceptance.py::test_acceptance_script_stdout_contains_domain_header PASSED [  6%]
tests/test_acceptance_cmd_isolation.py::TestFixtureGuards::test_acceptance_source_defs_exists PASSED [  6%]
tests/test_acceptance_cmd_isolation.py::TestFixtureGuards::test_rss_sample_exists PASSED [  6%]
tests/test_acceptance_cmd_isolation.py::TestFixtureGuards::test_rss_carrier_exists PASSED [  6%]
tests/test_acceptance_cmd_isolation.py::TestFixtureGuards::test_acceptance_source_defs_is_valid_json PASSED [  6%]
tests/test_acceptance_cmd_isolation.py::TestFixtureGuards::test_source_defs_has_left_right_and_domain_entries PASSED [  6%]
tests/test_acceptance_cmd_isolation.py::TestFixtureGuards::test_carrier_fixture_is_valid_rss PASSED [  6%]
tests/test_acceptance_cmd_isolation.py::test_once_offline PASSED         [  6%]
tests/test_acceptance_cmd_isolation.py::test_digest_dry_run_offline PASSED [  6%]
tests/test_acceptance_cmd_isolation.py::test_carrier_grep PASSED         [  6%]
tests/test_acceptance_cmd_isolation.py::test_domain_headers PASSED       [  6%]
tests/test_acceptance_cmd_isolation.py::TestOnceOutputStructure::test_no_traceback_in_stdout PASSED [  6%]
tests/test_acceptance_cmd_isolation.py::TestOnceOutputStructure::test_no_traceback_in_stderr PASSED [  6%]
tests/test_acceptance_cmd_isolation.py::TestOnceOutputStructure::test_situation_monitor_heading_present PASSED [  6%]
tests/test_acceptance_cmd_isolation.py::TestOnceOutputStructure::test_left_heading_is_h4_line PASSED [  6%]
tests/test_acceptance_cmd_isolation.py::TestOnceOutputStructure::test_right_heading_is_h4_line PASSED [  6%]
tests/test_acceptance_cmd_isolation.py::TestOnceOutputStructure::test_left_inside_dual_lens_block PASSED [  6%]
tests/test_acceptance_cmd_isolation.py::TestOnceOutputStructure::test_right_inside_dual_lens_block PASSED [  6%]
tests/test_acceptance_cmd_isolation.py::TestOnceOutputStructure::test_spin_pct_format_is_decimal PASSED [  6%]
tests/test_acceptance_cmd_isolation.py::TestOnceOutputStructure::test_spin_pct_values_in_range PASSED [  6%]
tests/test_acceptance_cmd_isolation.py::TestOnceOutputStructure::test_spin_pct_on_bullet_lines PASSED [  6%]
tests/test_acceptance_cmd_isolation.py::TestOnceOutputStructure::test_spin_delta_present PASSED [  6%]
tests/test_acceptance_cmd_isolation.py::TestOnceOutputStructure::test_spin_delta_non_negative PASSED [  6%]
tests/test_acceptance_cmd_isolation.py::TestOnceOutputStructure::test_domain_headers_ordered_world_markets_ai PASSED [  6%]
tests/test_acceptance_cmd_isolation.py::TestOnceOutputStructure::test_dual_lens_block_after_domain_sections PASSED [  6%]
tests/test_acceptance_cmd_isolation.py::TestDigestOutputStructure::test_no_traceback_in_stdout PASSED [  6%]
tests/test_acceptance_cmd_isolation.py::TestDigestOutputStructure::test_no_traceback_in_stderr PASSED [  6%]
tests/test_acceptance_cmd_isolation.py::TestDigestOutputStructure::test_digest_contains_utc_timestamp PASSED [  6%]
tests/test_acceptance_cmd_isolation.py::TestDigestOutputStructure::test_digest_situation_monitor_is_bold_markdown PASSED [  6%]
tests/test_acceptance_cmd_isolation.py::TestCarrierOutputStructure::test_no_traceback_in_stdout PASSED [  6%]
tests/test_acceptance_cmd_isolation.py::TestCarrierOutputStructure::test_no_traceback_in_stderr PASSED [  6%]
tests/test_acceptance_cmd_isolation.py::TestCarrierOutputStructure::test_carrier_line_contains_positive_count PASSED [  7%]
tests/test_acceptance_cmd_isolation.py::TestCarrierOutputStructure::test_carrier_line_format PASSED [  7%]
tests/test_acceptance_cmd_isolation.py::TestCarrierOutputStructure::test_carrier_markdown_still_present PASSED [  7%]
tests/test_acceptance_cmd_isolation.py::TestSubprocessIsolation::test_once_and_digest_are_different_processes PASSED [  7%]
tests/test_acceptance_cmd_isolation.py::TestSubprocessIsolation::test_once_and_carrier_are_different_processes PASSED [  7%]
tests/test_acceptance_cmd_isolation.py::TestSubprocessIsolation::test_once_invoked_via_sys_executable PASSED [  7%]
tests/test_acceptance_cmd_isolation.py::TestSubprocessIsolation::test_digest_invoked_via_sys_executable PASSED [  7%]
tests/test_acceptance_cmd_isolation.py::TestSubprocessIsolation::test_carrier_invoked_via_sys_executable PASSED [  7%]
tests/test_acceptance_cmd_isolation.py::TestSubprocessIsolation::test_once_returncode_independent_of_digest PASSED [  7%]
tests/test_acceptance_dual_lens.py::test_dual_lens_output_has_left_heading PASSED [  7%]
tests/test_acceptance_dual_lens.py::test_dual_lens_output_has_right_heading PASSED [  7%]
tests/test_acceptance_dual_lens.py::test_dual_lens_output_has_spin_pct PASSED [  7%]
tests/test_acceptance_dual_lens.py::test_belfast_constraint PASSED       [  7%]
tests/test_acceptance_each_cmd.py::TestFixturePrerequisites::test_acceptance_source_defs_exists PASSED [  7%]
tests/test_acceptance_each_cmd.py::TestFixturePrerequisites::test_rss_sample_fixture_exists PASSED [  7%]
tests/test_acceptance_each_cmd.py::TestFixturePrerequisites::test_acceptance_source_defs_is_valid_json PASSED [  7%]
tests/test_acceptance_each_cmd.py::TestFixturePrerequisites::test_acceptance_source_defs_has_left_and_right_entries PASSED [  7%]
tests/test_acceptance_each_cmd.py::TestOnceExitsZero::test_once_returncode_is_zero PASSED [  7%]
tests/test_acceptance_each_cmd.py::TestOnceExitsZero::test_once_produces_output PASSED [  7%]
tests/test_acceptance_each_cmd.py::TestOnceExitsZero::test_once_no_traceback_in_stdout PASSED [  7%]
tests/test_acceptance_each_cmd.py::TestOnceExitsZero::test_once_no_traceback_in_stderr PASSED [  7%]
tests/test_acceptance_each_cmd.py::TestOnceExitsZero::test_once_emits_situation_monitor_heading PASSED [  7%]
tests/test_acceptance_each_cmd.py::TestDigestDryRunExitsZero::test_digest_dry_run_returncode_is_zero PASSED [  7%]
tests/test_acceptance_each_cmd.py::TestDigestDryRunExitsZero::test_digest_dry_run_produces_output PASSED [  7%]
tests/test_acceptance_each_cmd.py::TestDigestDryRunExitsZero::test_digest_dry_run_no_traceback_in_stdout PASSED [  7%]
tests/test_acceptance_each_cmd.py::TestDigestDryRunExitsZero::test_digest_dry_run_no_traceback_in_stderr PASSED [  7%]
tests/test_acceptance_each_cmd.py::TestDigestDryRunExitsZero::test_digest_dry_run_emits_situation_monitor_label PASSED [  7%]
tests/test_acceptance_each_cmd.py::TestOnceLEFTMarker::test_left_marker_present PASSED [  7%]
tests/test_acceptance_each_cmd.py::TestOnceLEFTMarker::test_left_marker_is_h4_heading PASSED [  7%]
tests/test_acceptance_each_cmd.py::TestOnceLEFTMarker::test_left_marker_inside_dual_lens_block PASSED [  7%]
tests/test_acceptance_each_cmd.py::TestOnceLEFTMarker::test_left_heading_includes_article_count PASSED [  7%]
tests/test_acceptance_each_cmd.py::TestOnceLEFTMarker::test_left_column_has_bullet PASSED [  7%]
tests/test_acceptance_each_cmd.py::TestOnceRIGHTMarker::test_right_marker_present PASSED [  8%]
tests/test_acceptance_each_cmd.py::TestOnceRIGHTMarker::test_right_marker_is_h4_heading PASSED [  8%]
tests/test_acceptance_each_cmd.py::TestOnceRIGHTMarker::test_right_marker_inside_dual_lens_block PASSED [  8%]
tests/test_acceptance_each_cmd.py::TestOnceRIGHTMarker::test_right_heading_includes_article_count PASSED [  8%]
tests/test_acceptance_each_cmd.py::TestOnceRIGHTMarker::test_right_column_has_bullet PASSED [  8%]
tests/test_acceptance_each_cmd.py::TestOnceRIGHTMarker::test_both_left_and_right_in_same_dual_lens_block PASSED [  8%]
tests/test_acceptance_each_cmd.py::TestOnceSpinPct::test_spin_pct_annotation_present PASSED [  8%]
tests/test_acceptance_each_cmd.py::TestOnceSpinPct::test_spin_pct_has_decimal_format PASSED [  8%]
tests/test_acceptance_each_cmd.py::TestOnceSpinPct::test_spin_pct_values_are_parseable_floats PASSED [  8%]
tests/test_acceptance_each_cmd.py::TestOnceSpinPct::test_spin_pct_values_in_valid_range PASSED [  8%]
tests/test_acceptance_each_cmd.py::TestOnceSpinPct::test_spin_pct_appears_on_bullet_lines PASSED [  8%]
tests/test_acceptance_each_cmd.py::TestOnceSpinPct::test_spin_pct_present_in_left_column PASSED [  8%]
tests/test_acceptance_each_cmd.py::TestOnceSpinPct::test_spin_pct_present_in_right_column PASSED [  8%]
tests/test_acceptance_each_cmd.py::TestOnceSpinPct::test_spin_delta_also_present PASSED [  8%]
tests/test_acceptance_each_cmd.py::TestSubprocessIsolation::test_once_and_digest_are_separate_fixtures PASSED [  8%]
tests/test_acceptance_each_cmd.py::TestSubprocessIsolation::test_once_uses_sys_executable PASSED [  8%]
tests/test_acceptance_each_cmd.py::TestSubprocessIsolation::test_digest_dry_run_uses_sys_executable PASSED [  8%]
tests/test_acceptance_each_cmd.py::TestSubprocessIsolation::test_once_args_contain_once_subcommand PASSED [  8%]
tests/test_acceptance_each_cmd.py::TestSubprocessIsolation::test_digest_dry_run_args_contain_digest_subcommand PASSED [  8%]
tests/test_acceptance_each_cmd.py::TestSubprocessIsolation::test_once_returncode_independent_of_digest PASSED [  8%]
tests/test_acceptance_file_format.py::TestFilePrerequisites::test_acceptance_file_exists PASSED [  8%]
tests/test_acceptance_file_format.py::TestFilePrerequisites::test_acceptance_file_is_non_empty PASSED [  8%]
tests/test_acceptance_file_format.py::TestFilePrerequisites::test_acceptance_file_has_active_lines PASSED [  8%]
tests/test_acceptance_file_format.py::TestFilePrerequisites::test_acceptance_file_no_extension PASSED [  8%]
tests/test_acceptance_file_format.py::TestNoPythonKeywordsAtLineStart::test_keyword_not_at_start_of_any_active_line[import] PASSED [  8%]
tests/test_acceptance_file_format.py::TestNoPythonKeywordsAtLineStart::test_keyword_not_at_start_of_any_active_line[from] PASSED [  8%]
tests/test_acceptance_file_format.py::TestNoPythonKeywordsAtLineStart::test_keyword_not_at_start_of_any_active_line[os.execve] PASSED [  8%]
tests/test_acceptance_file_format.py::TestNoPythonKeywordsAtLineStart::test_keyword_not_at_start_of_any_active_line[def] PASSED [  8%]
tests/test_acceptance_file_format.py::TestNoPythonKeywordsAtLineStart::test_keyword_not_at_start_of_any_active_line[class] PASSED [  8%]
tests/test_acceptance_file_format.py::TestNoPythonKeywordsAtLineStart::test_no_import_statement_at_line_start PASSED [  8%]
tests/test_acceptance_file_format.py::TestNoPythonKeywordsAtLineStart::test_no_from_import_at_line_start PASSED [  8%]
tests/test_acceptance_file_format.py::TestNoPythonKeywordsAtLineStart::test_no_def_keyword_at_line_start PASSED [  8%]
tests/test_acceptance_file_format.py::TestNoPythonKeywordsAtLineStart::test_no_class_keyword_at_line_start PASSED [  9%]
tests/test_acceptance_file_format.py::TestNoPythonKeywordsAtLineStart::test_no_os_execve_call_at_line_start PASSED [  9%]
tests/test_acceptance_file_format.py::TestNoPythonKeywordsAtLineStart::test_no_python_shebang_in_file PASSED [  9%]
tests/test_acceptance_file_format.py::TestNoPythonKeywordsAtLineStart::test_no_triple_quote_string_in_active_lines PASSED [  9%]
tests/test_acceptance_file_format.py::TestNoPythonKeywordsAtLineStart::test_no_python_comment_style_in_active_lines PASSED [  9%]
tests/test_acceptance_file_format.py::TestShellCommandReferences::test_every_active_line_references_python PASSED [  9%]
tests/test_acceptance_file_format.py::TestShellCommandReferences::test_every_active_line_references_acceptance_py PASSED [  9%]
tests/test_acceptance_file_format.py::TestShellCommandReferences::test_python_reference_is_in_active_not_comment_only PASSED [  9%]
tests/test_acceptance_file_format.py::TestShellCommandReferences::test_acceptance_py_reference_is_in_active_not_comment_only PASSED [  9%]
tests/test_acceptance_file_format.py::TestShellCommandReferences::test_python_and_acceptance_py_co_occur_on_same_line PASSED [  9%]
tests/test_acceptance_file_format.py::TestShellCommandReferences::test_python_invocation_precedes_acceptance_py_on_each_line PASSED [  9%]
tests/test_acceptance_file_format.py::TestReproducibilityGuard::test_sm_llm_backend_or_offline_present PASSED [  9%]
tests/test_acceptance_file_format.py::TestReproducibilityGuard::test_sm_llm_backend_key_in_active_line PASSED [  9%]
tests/test_acceptance_file_format.py::TestReproducibilityGuard::test_offline_value_in_active_line PASSED [  9%]
tests/test_acceptance_file_format.py::TestReproducibilityGuard::test_sm_llm_backend_set_to_offline PASSED [  9%]
tests/test_acceptance_file_format.py::TestReproducibilityGuard::test_sm_llm_backend_offline_together_on_same_line PASSED [  9%]
tests/test_acceptance_file_format.py::TestCanonicalShellCommandShape::test_active_lines_are_single_shell_commands PASSED [  9%]
tests/test_acceptance_file_format.py::TestCanonicalShellCommandShape::test_no_python_indented_blocks PASSED [  9%]
tests/test_acceptance_file_format.py::TestCanonicalShellCommandShape::test_command_contains_env_assignment_prefix PASSED [  9%]
tests/test_acceptance_file_format.py::TestCanonicalShellCommandShape::test_no_assignment_operator_for_python_variable PASSED [  9%]
tests/test_acceptance_file_format.py::TestCommentStripping::test_comment_lines_excluded_from_active_lines PASSED [  9%]
tests/test_acceptance_file_format.py::TestCommentStripping::test_blank_lines_excluded_from_active_lines PASSED [  9%]
tests/test_acceptance_file_format.py::TestCommentStripping::test_inline_comment_does_not_make_line_inactive PASSED [  9%]
tests/test_acceptance_file_format.py::TestCommentStripping::test_python_keywords_in_comments_do_not_trigger_failures PASSED [  9%]
tests/test_acceptance_file_format.py::TestCommentStripping::test_acceptance_file_comment_lines_not_counted_as_active PASSED [  9%]
tests/test_acceptance_file_format.py::TestNoRecursivePytestInThisFile::test_this_file_has_no_subprocess_pytest_invocation PASSED [  9%]
tests/test_acceptance_file_properties_regression.py::TestAcceptanceFileContainsSysExecutable::test_acceptance_file_exists PASSED [  9%]
tests/test_acceptance_file_properties_regression.py::TestAcceptanceFileContainsSysExecutable::test_acceptance_file_is_non_empty PASSED [  9%]
tests/test_acceptance_file_properties_regression.py::TestAcceptanceFileContainsSysExecutable::test_sys_executable_token_in_acceptance_file PASSED [  9%]
tests/test_acceptance_file_properties_regression.py::TestAcceptanceFileContainsSysExecutable::test_sys_executable_appears_on_a_non_comment_line PASSED [  9%]
tests/test_acceptance_file_properties_regression.py::TestAcceptanceFileContainsSysExecutable::test_sys_import_exists_in_acceptance_file PASSED [  9%]
tests/test_acceptance_file_properties_regression.py::TestAcceptanceFileRequiredAndForbiddenContent::test_sm_llm_backend_offline_in_acceptance_file PASSED [  9%]
tests/test_acceptance_file_properties_regression.py::TestAcceptanceFileRequiredAndForbiddenContent::test_sm_llm_backend_key_present_in_acceptance_file PASSED [ 10%]
tests/test_acceptance_file_properties_regression.py::TestAcceptanceFileRequiredAndForbiddenContent::test_offline_value_present_in_acceptance_file PASSED [ 10%]
tests/test_acceptance_file_properties_regression.py::TestAcceptanceFileRequiredAndForbiddenContent::test_acceptance_py_reference_in_acceptance_file PASSED [ 10%]
tests/test_acceptance_file_properties_regression.py::TestAcceptanceFileRequiredAndForbiddenContent::test_pytest_token_absent_from_acceptance_file PASSED [ 10%]
tests/test_acceptance_file_properties_regression.py::TestAcceptanceFileRequiredAndForbiddenContent::test_sm_llm_backend_is_set_in_executable_code_not_only_comments PASSED [ 10%]
tests/test_acceptance_file_properties_regression.py::TestAcceptanceFileRequiredAndForbiddenContent::test_acceptance_py_reference_is_in_executable_code PASSED [ 10%]
tests/test_acceptance_file_properties_regression.py::TestAcceptanceFileRequiredAndForbiddenContent::test_acceptance_file_is_valid_python_syntax PASSED [ 10%]
tests/test_acceptance_file_properties_regression.py::TestAcceptanceFileRequiredAndForbiddenContent::test_acceptance_py_file_exists PASSED [ 10%]
tests/test_acceptance_file_properties_regression.py::TestPipelineExitsZero::test_returncode_is_zero PASSED [ 10%]
tests/test_acceptance_file_properties_regression.py::TestPipelineExitsZero::test_launched_with_sys_executable PASSED [ 10%]
tests/test_acceptance_file_properties_regression.py::TestPipelineExitsZero::test_launched_with_acceptance_py_path PASSED [ 10%]
tests/test_acceptance_file_properties_regression.py::TestPipelineExitsZero::test_sm_llm_backend_offline_in_subprocess_env PASSED [ 10%]
tests/test_acceptance_file_properties_regression.py::TestPipelineExitsZero::test_stdout_is_non_empty PASSED [ 10%]
tests/test_acceptance_file_properties_regression.py::TestPipelineExitsZero::test_no_python_traceback_in_stdout PASSED [ 10%]
tests/test_acceptance_file_properties_regression.py::TestPipelineExitsZero::test_no_python_traceback_in_stderr PASSED [ 10%]
tests/test_acceptance_file_properties_regression.py::TestPipelineExitsZero::test_no_live_api_errors_in_stderr PASSED [ 10%]
tests/test_acceptance_file_properties_regression.py::TestH2SectionHeadersInPipelineOutput::test_world_h2_header_present PASSED [ 10%]
tests/test_acceptance_file_properties_regression.py::TestH2SectionHeadersInPipelineOutput::test_markets_h2_header_present PASSED [ 10%]
tests/test_acceptance_file_properties_regression.py::TestH2SectionHeadersInPipelineOutput::test_ai_h2_header_present PASSED [ 10%]
tests/test_acceptance_file_properties_regression.py::TestH2SectionHeadersInPipelineOutput::test_world_header_is_a_line_starting_with_h2 PASSED [ 10%]
tests/test_acceptance_file_properties_regression.py::TestH2SectionHeadersInPipelineOutput::test_markets_header_is_a_line_starting_with_h2 PASSED [ 10%]
tests/test_acceptance_file_properties_regression.py::TestH2SectionHeadersInPipelineOutput::test_ai_header_is_a_line_starting_with_h2 PASSED [ 10%]
tests/test_acceptance_file_properties_regression.py::TestH2SectionHeadersInPipelineOutput::test_all_three_domain_headers_present_simultaneously PASSED [ 10%]
tests/test_acceptance_file_properties_regression.py::TestH2SectionHeadersInPipelineOutput::test_domain_sections_are_in_canonical_order PASSED [ 10%]
tests/test_acceptance_file_properties_regression.py::TestH2SectionHeadersInPipelineOutput::test_each_domain_section_has_at_least_one_article PASSED [ 10%]
tests/test_acceptance_file_properties_regression.py::TestDualLensBlockInPipelineOutput::test_dual_lens_events_header_present PASSED [ 10%]
tests/test_acceptance_file_properties_regression.py::TestDualLensBlockInPipelineOutput::test_dual_lens_events_is_an_h2_line PASSED [ 10%]
tests/test_acceptance_file_properties_regression.py::TestDualLensBlockInPipelineOutput::test_left_h4_heading_present PASSED [ 10%]
tests/test_acceptance_file_properties_regression.py::TestDualLensBlockInPipelineOutput::test_right_h4_heading_present PASSED [ 10%]
tests/test_acceptance_file_properties_regression.py::TestDualLensBlockInPipelineOutput::test_left_heading_is_h4_line_at_column_zero PASSED [ 10%]
tests/test_acceptance_file_properties_regression.py::TestDualLensBlockInPipelineOutput::test_right_heading_is_h4_line_at_column_zero PASSED [ 10%]
tests/test_acceptance_file_properties_regression.py::TestDualLensBlockInPipelineOutput::test_left_and_right_inside_dual_lens_block PASSED [ 10%]
tests/test_acceptance_file_properties_regression.py::TestDualLensBlockInPipelineOutput::test_left_heading_precedes_right_heading PASSED [ 11%]
tests/test_acceptance_file_properties_regression.py::TestDualLensBlockInPipelineOutput::test_spin_pct_keyword_present_in_dual_lens_block PASSED [ 11%]
tests/test_acceptance_file_properties_regression.py::TestDualLensBlockInPipelineOutput::test_spin_pct_on_bullet_lines_with_percent PASSED [ 11%]
tests/test_acceptance_file_properties_regression.py::TestDualLensBlockInPipelineOutput::test_spin_pct_format_is_decimal_with_percent PASSED [ 11%]
tests/test_acceptance_file_properties_regression.py::TestDualLensBlockInPipelineOutput::test_spin_pct_values_in_valid_range PASSED [ 11%]
tests/test_acceptance_file_properties_regression.py::TestDualLensBlockInPipelineOutput::test_spin_pct_values_are_not_all_fifty PASSED [ 11%]
tests/test_acceptance_file_properties_regression.py::TestDualLensBlockInPipelineOutput::test_at_least_two_spin_pct_values_in_dual_lens_block PASSED [ 11%]
tests/test_acceptance_file_properties_regression.py::TestDualLensBlockInPipelineOutput::test_spin_pct_appears_in_both_left_and_right_columns PASSED [ 11%]
tests/test_acceptance_file_properties_regression.py::TestCheckServerAndCarrierInPipelineOutput::test_web_server_smoke_pass_present PASSED [ 11%]
tests/test_acceptance_file_properties_regression.py::TestCheckServerAndCarrierInPipelineOutput::test_web_server_smoke_pass_on_its_own_line PASSED [ 11%]
tests/test_acceptance_file_properties_regression.py::TestCheckServerAndCarrierInPipelineOutput::test_discourse_carrier_line_starts_at_column_zero PASSED [ 11%]
tests/test_acceptance_file_properties_regression.py::TestCheckServerAndCarrierInPipelineOutput::test_discourse_carrier_line_has_no_leading_whitespace PASSED [ 11%]
tests/test_acceptance_file_properties_regression.py::TestCheckServerAndCarrierInPipelineOutput::test_discourse_carrier_count_is_positive PASSED [ 11%]
tests/test_acceptance_file_properties_regression.py::TestCheckServerAndCarrierInPipelineOutput::test_discourse_carrier_count_does_not_exceed_fixture PASSED [ 11%]
tests/test_acceptance_file_properties_regression.py::TestCheckServerAndCarrierInPipelineOutput::test_check_server_py_file_exists PASSED [ 11%]
tests/test_acceptance_file_properties_regression.py::TestNoRecursivePytestInThisFile::test_this_file_has_no_subprocess_pytest_invocation PASSED [ 11%]
tests/test_acceptance_file_properties_regression.py::TestNoRecursivePytestInThisFile::test_acceptance_py_does_not_invoke_pytest PASSED [ 11%]
tests/test_acceptance_file_properties_regression.py::TestNoRecursivePytestInThisFile::test_acceptance_file_does_not_invoke_pytest PASSED [ 11%]
tests/test_acceptance_gate_regression.py::TestFixtureFiles::test_rss_sample_exists PASSED [ 11%]
tests/test_acceptance_gate_regression.py::TestFixtureFiles::test_rss_carrier_exists PASSED [ 11%]
tests/test_acceptance_gate_regression.py::TestFixtureFiles::test_acceptance_source_defs_exists PASSED [ 11%]
tests/test_acceptance_gate_regression.py::TestFixtureFiles::test_check_server_exists PASSED [ 11%]
tests/test_acceptance_gate_regression.py::TestFixtureFiles::test_acceptance_source_defs_valid_json PASSED [ 11%]
tests/test_acceptance_gate_regression.py::TestFixtureFiles::test_carrier_json_encodes_carrier_fixture_path PASSED [ 11%]
tests/test_acceptance_gate_regression.py::TestExitCodes::test_cmd1_exits_zero PASSED [ 11%]
tests/test_acceptance_gate_regression.py::TestExitCodes::test_cmd2_exits_zero PASSED [ 11%]
tests/test_acceptance_gate_regression.py::TestExitCodes::test_cmd3_exits_zero PASSED [ 11%]
tests/test_acceptance_gate_regression.py::TestExitCodes::test_cmd4_exits_zero PASSED [ 11%]
tests/test_acceptance_gate_regression.py::TestNonEmptyStdout::test_cmd1_stdout_nonempty PASSED [ 11%]
tests/test_acceptance_gate_regression.py::TestNonEmptyStdout::test_cmd2_stdout_nonempty PASSED [ 11%]
tests/test_acceptance_gate_regression.py::TestNonEmptyStdout::test_cmd3_stdout_nonempty PASSED [ 11%]
tests/test_acceptance_gate_regression.py::TestNonEmptyStdout::test_cmd4_stdout_nonempty PASSED [ 11%]
tests/test_acceptance_gate_regression.py::TestCmd1SectionHeaders::test_contains_world_header PASSED [ 12%]
tests/test_acceptance_gate_regression.py::TestCmd1SectionHeaders::test_contains_markets_header PASSED [ 12%]
tests/test_acceptance_gate_regression.py::TestCmd1SectionHeaders::test_contains_ai_header PASSED [ 12%]
tests/test_acceptance_gate_regression.py::TestCmd1SectionHeaders::test_contains_dual_lens_header PASSED [ 12%]
tests/test_acceptance_gate_regression.py::TestCmd1SectionHeaders::test_section_headers_are_h2_lines PASSED [ 12%]
tests/test_acceptance_gate_regression.py::TestCmd1DualLensColumns::test_contains_left_heading PASSED [ 12%]
tests/test_acceptance_gate_regression.py::TestCmd1DualLensColumns::test_contains_right_heading PASSED [ 12%]
tests/test_acceptance_gate_regression.py::TestCmd1DualLensColumns::test_left_heading_is_h4_line PASSED [ 12%]
tests/test_acceptance_gate_regression.py::TestCmd1DualLensColumns::test_right_heading_is_h4_line PASSED [ 12%]
tests/test_acceptance_gate_regression.py::TestCmd1DualLensColumns::test_left_and_right_inside_dual_lens_block PASSED [ 12%]
tests/test_acceptance_gate_regression.py::TestCmd1DualLensColumns::test_left_heading_precedes_right_in_dual_lens_block PASSED [ 12%]
tests/test_acceptance_gate_regression.py::TestCmd1SpinPct::test_spin_pct_keyword_present PASSED [ 12%]
tests/test_acceptance_gate_regression.py::TestCmd1SpinPct::test_spin_pct_has_percent_symbol PASSED [ 12%]
tests/test_acceptance_gate_regression.py::TestCmd1SpinPct::test_spin_pct_numeric_value_before_percent PASSED [ 12%]
tests/test_acceptance_gate_regression.py::TestCmd1SpinPct::test_spin_pct_in_dual_lens_block PASSED [ 12%]
tests/test_acceptance_gate_regression.py::TestCmd1SpinPct::test_spin_pct_on_bullet_line PASSED [ 12%]
tests/test_acceptance_gate_regression.py::TestCmd1SpinPct::test_multiple_spin_pct_values PASSED [ 12%]
tests/test_acceptance_gate_regression.py::TestCmd3DiscoursCarrier::test_discourse_carrier_line_present PASSED [ 12%]
tests/test_acceptance_gate_regression.py::TestCmd3DiscoursCarrier::test_discourse_carrier_line_starts_at_column_zero PASSED [ 12%]
tests/test_acceptance_gate_regression.py::TestCmd3DiscoursCarrier::test_discourse_carrier_count_is_positive PASSED [ 12%]
tests/test_acceptance_gate_regression.py::TestCmd3DiscoursCarrier::test_cmd3_no_sm_sources_override_in_env PASSED [ 12%]
tests/test_acceptance_gate_regression.py::TestCmd4Pass::test_pass_token_present PASSED [ 12%]
tests/test_acceptance_gate_regression.py::TestCmd4Pass::test_pass_on_its_own_line PASSED [ 12%]
tests/test_acceptance_gate_regression.py::TestCmd4Pass::test_no_traceback_in_cmd4 PASSED [ 12%]
tests/test_acceptance_gate_regression.py::TestCmd4Pass::test_cmd4_cwd_is_project_root PASSED [ 12%]
tests/test_acceptance_gate_regression.py::TestSubprocessIsolation::test_all_four_are_distinct_objects PASSED [ 12%]
tests/test_acceptance_gate_regression.py::TestSubprocessIsolation::test_each_uses_sys_executable PASSED [ 12%]
tests/test_acceptance_gate_regression.py::TestSubprocessIsolation::test_no_recursive_pytest_invocation PASSED [ 12%]
tests/test_acceptance_gate_regression.py::TestSubprocessIsolation::test_cmd1_subcommand PASSED [ 12%]
tests/test_acceptance_gate_regression.py::TestSubprocessIsolation::test_cmd2_subcommand PASSED [ 12%]
tests/test_acceptance_gate_regression.py::TestSubprocessIsolation::test_cmd3_carrier_env_set PASSED [ 12%]
tests/test_acceptance_gate_regression.py::TestSubprocessIsolation::test_cmd4_invokes_check_server PASSED [ 12%]
tests/test_acceptance_integration.py::TestFixturePrerequisites::test_rss_sample_exists PASSED [ 13%]
tests/test_acceptance_integration.py::TestFixturePrerequisites::test_acceptance_source_defs_exists PASSED [ 13%]
tests/test_acceptance_integration.py::TestFixturePrerequisites::test_rss_carrier_exists PASSED [ 13%]
tests/test_acceptance_integration.py::TestFixturePrerequisites::test_acceptance_source_defs_is_valid_json PASSED [ 13%]
tests/test_acceptance_integration.py::TestFixturePrerequisites::test_rss_carrier_is_valid_xml PASSED [ 13%]
tests/test_acceptance_integration.py::TestFixturePrerequisites::test_rss_carrier_has_items PASSED [ 13%]
tests/test_acceptance_integration.py::TestFixturePrerequisites::test_acceptance_source_defs_has_left_and_right_lenses PASSED [ 13%]
tests/test_acceptance_integration.py::TestOnceAcceptance::test_returncode_zero PASSED [ 13%]
tests/test_acceptance_integration.py::TestOnceAcceptance::test_stdout_contains_dual_lens_events PASSED [ 13%]
tests/test_acceptance_integration.py::TestOnceAcceptance::test_stdout_contains_spin_pct PASSED [ 13%]
tests/test_acceptance_integration.py::TestOnceAcceptance::test_stdout_contains_situation_monitor_heading PASSED [ 13%]
tests/test_acceptance_integration.py::TestOnceAcceptance::test_dual_lens_block_has_left_marker PASSED [ 13%]
tests/test_acceptance_integration.py::TestOnceAcceptance::test_dual_lens_block_has_right_marker PASSED [ 13%]
tests/test_acceptance_integration.py::TestOnceAcceptance::test_spin_pct_is_numeric_percentage PASSED [ 13%]
tests/test_acceptance_integration.py::TestOnceAcceptance::test_spin_pct_appears_on_bullet_lines PASSED [ 13%]
tests/test_acceptance_integration.py::TestOnceAcceptance::test_no_traceback_in_stdout PASSED [ 13%]
tests/test_acceptance_integration.py::TestOnceAcceptance::test_no_traceback_in_stderr PASSED [ 13%]
tests/test_acceptance_integration.py::TestOnceAcceptance::test_invoked_via_sys_executable PASSED [ 13%]
tests/test_acceptance_integration.py::TestOnceAcceptance::test_stdout_non_empty PASSED [ 13%]
tests/test_acceptance_integration.py::TestDigestDryRunAcceptance::test_returncode_zero PASSED [ 13%]
tests/test_acceptance_integration.py::TestDigestDryRunAcceptance::test_stdout_contains_situation_monitor PASSED [ 13%]
tests/test_acceptance_integration.py::TestDigestDryRunAcceptance::test_stdout_non_empty PASSED [ 13%]
tests/test_acceptance_integration.py::TestDigestDryRunAcceptance::test_no_traceback_in_stdout PASSED [ 13%]
tests/test_acceptance_integration.py::TestDigestDryRunAcceptance::test_no_traceback_in_stderr PASSED [ 13%]
tests/test_acceptance_integration.py::TestDigestDryRunAcceptance::test_invoked_via_sys_executable PASSED [ 13%]
tests/test_acceptance_integration.py::TestDigestDryRunAcceptance::test_subprocess_independent_from_once PASSED [ 13%]
tests/test_acceptance_integration.py::TestDigestDryRunAcceptance::test_returncode_independent_of_once PASSED [ 13%]
tests/test_acceptance_integration.py::TestCarrierCommand::test_returncode_zero PASSED [ 13%]
tests/test_acceptance_integration.py::TestCarrierCommand::test_stdout_contains_discourse_carrier PASSED [ 13%]
tests/test_acceptance_integration.py::TestCarrierCommand::test_discourse_carrier_line_starts_at_line_start PASSED [ 13%]
tests/test_acceptance_integration.py::TestCarrierCommand::test_discourse_carrier_count_is_positive PASSED [ 13%]
tests/test_acceptance_integration.py::TestCarrierCommand::test_discourse_carrier_count_matches_fixture_size PASSED [ 13%]
tests/test_acceptance_integration.py::TestCarrierCommand::test_carrier_subprocess_independent_from_plain_once PASSED [ 14%]
tests/test_acceptance_integration.py::TestCarrierCommand::test_plain_once_has_no_discourse_carrier_line PASSED [ 14%]
tests/test_acceptance_integration.py::TestCarrierCommand::test_no_traceback_in_stdout PASSED [ 14%]
tests/test_acceptance_integration.py::TestCarrierCommand::test_no_traceback_in_stderr PASSED [ 14%]
tests/test_acceptance_integration.py::TestCarrierCommand::test_invoked_via_sys_executable PASSED [ 14%]
tests/test_acceptance_integration.py::TestSubprocessIsolation::test_all_three_acceptance_commands_are_distinct PASSED [ 14%]
tests/test_acceptance_integration.py::TestSubprocessIsolation::test_all_returncodes_are_zero PASSED [ 14%]
tests/test_acceptance_integration.py::TestSubprocessIsolation::test_once_subcommand_in_args PASSED [ 14%]
tests/test_acceptance_integration.py::TestSubprocessIsolation::test_digest_subcommand_in_args PASSED [ 14%]
tests/test_acceptance_integration.py::TestSubprocessIsolation::test_carrier_once_subcommand_in_args PASSED [ 14%]
tests/test_acceptance_pipeline.py::TestFixtureFiles::test_rss_sample_xml_exists PASSED [ 14%]
tests/test_acceptance_pipeline.py::TestFixtureFiles::test_rss_carrier_xml_exists PASSED [ 14%]
tests/test_acceptance_pipeline.py::TestFixtureFiles::test_acceptance_source_defs_exists PASSED [ 14%]
tests/test_acceptance_pipeline.py::TestFixtureFiles::test_acceptance_source_defs_is_valid_json PASSED [ 14%]
tests/test_acceptance_pipeline.py::TestFixtureFiles::test_acceptance_source_defs_has_source_defs_key PASSED [ 14%]
tests/test_acceptance_pipeline.py::TestFixtureFiles::test_source_defs_includes_left_lens PASSED [ 14%]
tests/test_acceptance_pipeline.py::TestFixtureFiles::test_source_defs_includes_right_lens PASSED [ 14%]
tests/test_acceptance_pipeline.py::TestFixtureFiles::test_rss_sample_xml_is_valid_xml PASSED [ 14%]
tests/test_acceptance_pipeline.py::TestFixtureFiles::test_rss_sample_xml_has_items PASSED [ 14%]
tests/test_acceptance_pipeline.py::TestFixtureFiles::test_rss_carrier_xml_is_valid_xml PASSED [ 14%]
tests/test_acceptance_pipeline.py::TestFixtureFiles::test_rss_carrier_xml_has_items PASSED [ 14%]
tests/test_acceptance_pipeline.py::TestCmd1Once::test_exits_zero PASSED  [ 14%]
tests/test_acceptance_pipeline.py::TestCmd1Once::test_invoked_via_sys_executable PASSED [ 14%]
tests/test_acceptance_pipeline.py::TestCmd1Once::test_args_contain_once_subcommand PASSED [ 14%]
tests/test_acceptance_pipeline.py::TestCmd1Once::test_args_contain_module_flag PASSED [ 14%]
tests/test_acceptance_pipeline.py::TestCmd1Once::test_sm_llm_backend_offline_in_env PASSED [ 14%]
tests/test_acceptance_pipeline.py::TestCmd1Once::test_sm_sources_points_to_fixture PASSED [ 14%]
tests/test_acceptance_pipeline.py::TestCmd1Once::test_stdout_non_empty PASSED [ 14%]
tests/test_acceptance_pipeline.py::TestCmd1Once::test_no_traceback_in_stdout PASSED [ 14%]
tests/test_acceptance_pipeline.py::TestCmd1Once::test_no_traceback_in_stderr PASSED [ 14%]
tests/test_acceptance_pipeline.py::TestCmd1Once::test_situation_monitor_heading_present PASSED [ 14%]
tests/test_acceptance_pipeline.py::TestCmd1Once::test_dual_lens_events_section_present PASSED [ 14%]
tests/test_acceptance_pipeline.py::TestCmd1Once::test_left_marker_present PASSED [ 15%]
tests/test_acceptance_pipeline.py::TestCmd1Once::test_right_marker_present PASSED [ 15%]
tests/test_acceptance_pipeline.py::TestCmd1Once::test_spin_pct_annotation_present PASSED [ 15%]
tests/test_acceptance_pipeline.py::TestCmd1Once::test_left_heading_is_h4_at_line_start PASSED [ 15%]
tests/test_acceptance_pipeline.py::TestCmd1Once::test_right_heading_is_h4_at_line_start PASSED [ 15%]
tests/test_acceptance_pipeline.py::TestCmd1Once::test_left_heading_contains_article_count PASSED [ 15%]
tests/test_acceptance_pipeline.py::TestCmd1Once::test_right_heading_contains_article_count PASSED [ 15%]
tests/test_acceptance_pipeline.py::TestCmd1Once::test_both_markers_inside_dual_lens_block PASSED [ 15%]
tests/test_acceptance_pipeline.py::TestCmd1Once::test_spin_pct_numeric_format PASSED [ 15%]
tests/test_acceptance_pipeline.py::TestCmd1Once::test_spin_pct_values_in_valid_range PASSED [ 15%]
tests/test_acceptance_pipeline.py::TestCmd1Once::test_spin_pct_on_bullet_lines PASSED [ 15%]
tests/test_acceptance_pipeline.py::TestCmd1Once::test_spin_delta_annotation_present PASSED [ 15%]
tests/test_acceptance_pipeline.py::TestCmd1Once::test_spin_pct_in_left_column PASSED [ 15%]
tests/test_acceptance_pipeline.py::TestCmd1Once::test_spin_pct_in_right_column PASSED [ 15%]
tests/test_acceptance_pipeline.py::TestCmd1Once::test_no_discourse_carrier_line_without_carrier_feeds PASSED [ 15%]
tests/test_acceptance_pipeline.py::TestCmd2DigestDryRun::test_exits_zero PASSED [ 15%]
tests/test_acceptance_pipeline.py::TestCmd2DigestDryRun::test_invoked_via_sys_executable PASSED [ 15%]
tests/test_acceptance_pipeline.py::TestCmd2DigestDryRun::test_args_contain_digest_dry_run_subcommand PASSED [ 15%]
tests/test_acceptance_pipeline.py::TestCmd2DigestDryRun::test_stdout_non_empty PASSED [ 15%]
tests/test_acceptance_pipeline.py::TestCmd2DigestDryRun::test_no_traceback_in_stdout PASSED [ 15%]
tests/test_acceptance_pipeline.py::TestCmd2DigestDryRun::test_no_traceback_in_stderr PASSED [ 15%]
tests/test_acceptance_pipeline.py::TestCmd2DigestDryRun::test_situation_monitor_in_stdout PASSED [ 15%]
tests/test_acceptance_pipeline.py::TestCmd2DigestDryRun::test_distinct_process_from_cmd1 PASSED [ 15%]
tests/test_acceptance_pipeline.py::TestCmd2DigestDryRun::test_digest_dry_run_exit_independent_of_once PASSED [ 15%]
tests/test_acceptance_pipeline.py::TestCmd2DigestDryRun::test_digest_output_is_not_raw_markdown_digest PASSED [ 15%]
tests/test_acceptance_pipeline.py::TestCmd3CarrierOnce::test_exits_zero PASSED [ 15%]
tests/test_acceptance_pipeline.py::TestCmd3CarrierOnce::test_invoked_via_sys_executable PASSED [ 15%]
tests/test_acceptance_pipeline.py::TestCmd3CarrierOnce::test_args_contain_once_subcommand PASSED [ 15%]
tests/test_acceptance_pipeline.py::TestCmd3CarrierOnce::test_stdout_non_empty PASSED [ 15%]
tests/test_acceptance_pipeline.py::TestCmd3CarrierOnce::test_no_traceback_in_stdout PASSED [ 15%]
tests/test_acceptance_pipeline.py::TestCmd3CarrierOnce::test_no_traceback_in_stderr PASSED [ 15%]
tests/test_acceptance_pipeline.py::TestCmd3CarrierOnce::test_discourse_carrier_line_at_line_start PASSED [ 15%]
tests/test_acceptance_pipeline.py::TestCmd3CarrierOnce::test_discourse_carrier_count_is_positive PASSED [ 16%]
tests/test_acceptance_pipeline.py::TestCmd3CarrierOnce::test_discourse_carrier_count_does_not_exceed_fixture PASSED [ 16%]
tests/test_acceptance_pipeline.py::TestCmd3CarrierOnce::test_discourse_carrier_count_matches_fixture_exactly PASSED [ 16%]
tests/test_acceptance_pipeline.py::TestCmd3CarrierOnce::test_sm_carrier_feeds_env_contains_fixture_url PASSED [ 16%]
tests/test_acceptance_pipeline.py::TestCmd3CarrierOnce::test_sm_carrier_feeds_env_is_valid_json PASSED [ 16%]
tests/test_acceptance_pipeline.py::TestCmd3CarrierOnce::test_cmd3_distinct_from_cmd1_and_cmd2 PASSED [ 16%]
tests/test_acceptance_pipeline.py::TestPipelineIsolation::test_all_three_are_distinct_processes PASSED [ 16%]
tests/test_acceptance_pipeline.py::TestPipelineIsolation::test_all_three_exit_zero PASSED [ 16%]
tests/test_acceptance_pipeline.py::TestPipelineIsolation::test_all_three_use_sys_executable PASSED [ 16%]
tests/test_acceptance_pipeline.py::TestPipelineIsolation::test_all_three_have_module_flag PASSED [ 16%]
tests/test_acceptance_pipeline.py::TestPipelineIsolation::test_no_tracebacks_across_all_commands PASSED [ 16%]
tests/test_acceptance_pipeline.py::TestPipelineIsolation::test_offline_env_helper_sets_required_vars PASSED [ 16%]
tests/test_acceptance_pipeline.py::TestPipelineIsolation::test_carrier_env_adds_sm_carrier_feeds PASSED [ 16%]
tests/test_acceptance_pipeline.py::TestPipelineIsolation::test_once_outputs_differ_between_cmd1_and_cmd3 PASSED [ 16%]
tests/test_acceptance_pivot_fix_pins.py::TestShellLauncherIsNotPython::test_acceptance_file_exists_and_is_shell PASSED [ 16%]
tests/test_acceptance_pivot_fix_pins.py::TestShellLauncherIsNotPython::test_acceptance_file_is_not_valid_python PASSED [ 16%]
tests/test_acceptance_pivot_fix_pins.py::TestShellLauncherIsNotPython::test_acceptance_file_has_no_os_execve PASSED [ 16%]
tests/test_acceptance_pivot_fix_pins.py::TestShellLauncherIsNotPython::test_acceptance_file_has_no_sys_executable PASSED [ 16%]
tests/test_acceptance_pivot_fix_pins.py::TestShellLauncherIsNotPython::test_acceptance_file_has_no_import_sys PASSED [ 16%]
tests/test_acceptance_pivot_fix_pins.py::TestShellLauncherIsNotPython::test_acceptance_file_has_no_python_shebang PASSED [ 16%]
tests/test_acceptance_pivot_fix_pins.py::TestShellLauncherIsNotPython::test_acceptance_file_has_no_subprocess_import PASSED [ 16%]
tests/test_acceptance_pivot_fix_pins.py::TestAcceptancePyHasPythonProperties::test_acceptance_py_exists PASSED [ 16%]
tests/test_acceptance_pivot_fix_pins.py::TestAcceptancePyHasPythonProperties::test_acceptance_py_is_non_empty PASSED [ 16%]
tests/test_acceptance_pivot_fix_pins.py::TestAcceptancePyHasPythonProperties::test_acceptance_py_contains_sys_executable PASSED [ 16%]
tests/test_acceptance_pivot_fix_pins.py::TestAcceptancePyHasPythonProperties::test_acceptance_py_sys_executable_on_non_comment_line PASSED [ 16%]
tests/test_acceptance_pivot_fix_pins.py::TestAcceptancePyHasPythonProperties::test_acceptance_py_imports_sys PASSED [ 16%]
tests/test_acceptance_pivot_fix_pins.py::TestAcceptancePyHasPythonProperties::test_acceptance_py_is_valid_python PASSED [ 16%]
tests/test_acceptance_pivot_fix_pins.py::TestAcceptancePyHasPythonProperties::test_acceptance_py_does_not_use_bare_python3_as_interpreter PASSED [ 16%]
tests/test_acceptance_pivot_fix_pins.py::TestShellLauncherBashExecution::test_bash_acceptance_exits_zero PASSED [ 16%]
tests/test_acceptance_pivot_fix_pins.py::TestShellLauncherBashExecution::test_bash_acceptance_produces_stdout PASSED [ 16%]
tests/test_acceptance_pivot_fix_pins.py::TestShellLauncherBashExecution::test_bash_acceptance_stdout_has_domain_sections PASSED [ 16%]
tests/test_acceptance_pivot_fix_pins.py::TestShellLauncherBashExecution::test_bash_acceptance_stdout_has_web_server_smoke_pass PASSED [ 16%]
tests/test_acceptance_pivot_fix_pins.py::TestShellLauncherBashExecution::test_bash_acceptance_stdout_has_discourse_carrier_line PASSED [ 17%]
tests/test_acceptance_pivot_fix_pins.py::TestShellLauncherBashExecution::test_bash_acceptance_no_traceback PASSED [ 17%]
tests/test_acceptance_pivot_fix_pins.py::TestPython3DirectInvocation::test_python3_binary_is_available PASSED [ 17%]
tests/test_acceptance_pivot_fix_pins.py::TestPython3DirectInvocation::test_python3_invocation_exits_zero PASSED [ 17%]
tests/test_acceptance_pivot_fix_pins.py::TestPython3DirectInvocation::test_python3_invocation_stdout_nonempty PASSED [ 17%]
tests/test_acceptance_pivot_fix_pins.py::TestPython3DirectInvocation::test_python3_produces_world_section PASSED [ 17%]
tests/test_acceptance_pivot_fix_pins.py::TestPython3DirectInvocation::test_python3_produces_dual_lens_header PASSED [ 17%]
tests/test_acceptance_pivot_fix_pins.py::TestPython3DirectInvocation::test_python3_produces_spin_pct PASSED [ 17%]
tests/test_acceptance_pivot_fix_pins.py::TestPython3DirectInvocation::test_python3_produces_discourse_carrier_line PASSED [ 17%]
tests/test_acceptance_pivot_fix_pins.py::TestPython3DirectInvocation::test_python3_and_sys_executable_produce_same_sections PASSED [ 17%]
tests/test_acceptance_pivot_fix_pins.py::TestCliSubprocessOfflinePin::test_once_subprocess_with_offline_pin_exits_zero PASSED [ 17%]
tests/test_acceptance_pivot_fix_pins.py::TestCliSubprocessOfflinePin::test_once_subprocess_stdout_contains_article_title PASSED [ 17%]
tests/test_acceptance_pivot_fix_pins.py::TestCliSubprocessOfflinePin::test_once_subprocess_without_offline_pin_could_be_flaky PASSED [ 17%]
tests/test_acceptance_pivot_fix_pins.py::TestCliSubprocessOfflinePin::test_digest_dry_run_subprocess_with_offline_pin_exits_zero PASSED [ 17%]
tests/test_acceptance_pivot_fix_pins.py::TestNoRecursivePytest::test_this_file_has_no_subprocess_pytest_invocation PASSED [ 17%]
tests/test_acceptance_pivot_fix_pins.py::TestNoRecursivePytest::test_acceptance_py_has_no_recursive_pytest PASSED [ 17%]
tests/test_acceptance_pivot_fix_pins.py::TestNoRecursivePytest::test_acceptance_file_has_no_recursive_pytest PASSED [ 17%]
tests/test_acceptance_regression_guard.py::TestReturncodeIsZero::test_returncode_equals_zero PASSED [ 17%]
tests/test_acceptance_regression_guard.py::TestReturncodeIsZero::test_returncode_is_not_none PASSED [ 17%]
tests/test_acceptance_regression_guard.py::TestReturncodeIsZero::test_returncode_is_not_negative PASSED [ 17%]
tests/test_acceptance_regression_guard.py::TestReturncodeIsZero::test_acceptance_py_exists_as_prerequisite PASSED [ 17%]
tests/test_acceptance_regression_guard.py::TestReturncodeIsZero::test_acceptance_py_uses_sys_executable_internally PASSED [ 17%]
tests/test_acceptance_regression_guard.py::TestReturncodeIsZero::test_offline_mode_env_var_in_acceptance_py PASSED [ 17%]
tests/test_acceptance_regression_guard.py::TestReturncodeIsZero::test_no_api_errors_in_stderr_when_offline PASSED [ 17%]
tests/test_acceptance_regression_guard.py::TestReturncodeIsZero::test_no_python_traceback_in_stderr PASSED [ 17%]
tests/test_acceptance_regression_guard.py::TestReturncodeIsZero::test_subprocess_was_launched_with_sys_executable PASSED [ 17%]
tests/test_acceptance_regression_guard.py::TestStdoutNonEmpty::test_stdout_has_non_whitespace_content PASSED [ 17%]
tests/test_acceptance_regression_guard.py::TestStdoutNonEmpty::test_stdout_exceeds_minimum_length PASSED [ 17%]
tests/test_acceptance_regression_guard.py::TestStdoutNonEmpty::test_stdout_has_multiple_lines PASSED [ 17%]
tests/test_acceptance_regression_guard.py::TestStdoutNonEmpty::test_no_python_traceback_in_stdout PASSED [ 17%]
tests/test_acceptance_regression_guard.py::TestStdoutNonEmpty::test_stdout_is_decodable_utf8 PASSED [ 17%]
tests/test_acceptance_regression_guard.py::TestDualLensMarkers::test_left_marker_present PASSED [ 17%]
tests/test_acceptance_regression_guard.py::TestDualLensMarkers::test_right_marker_present PASSED [ 18%]
tests/test_acceptance_regression_guard.py::TestDualLensMarkers::test_both_left_and_right_present_simultaneously PASSED [ 18%]
tests/test_acceptance_regression_guard.py::TestDualLensMarkers::test_left_is_at_line_start PASSED [ 18%]
tests/test_acceptance_regression_guard.py::TestDualLensMarkers::test_right_is_at_line_start PASSED [ 18%]
tests/test_acceptance_regression_guard.py::TestDualLensMarkers::test_left_is_exactly_h4_not_h2_or_h3 PASSED [ 18%]
tests/test_acceptance_regression_guard.py::TestDualLensMarkers::test_right_is_exactly_h4_not_h2_or_h3 PASSED [ 18%]
tests/test_acceptance_regression_guard.py::TestDualLensMarkers::test_dual_lens_events_block_exists PASSED [ 18%]
tests/test_acceptance_regression_guard.py::TestDualLensMarkers::test_left_is_inside_dual_lens_block PASSED [ 18%]
tests/test_acceptance_regression_guard.py::TestDualLensMarkers::test_right_is_inside_dual_lens_block PASSED [ 18%]
tests/test_acceptance_regression_guard.py::TestDualLensMarkers::test_left_does_not_appear_before_dual_lens_block PASSED [ 18%]
tests/test_acceptance_regression_guard.py::TestDualLensMarkers::test_right_does_not_appear_before_dual_lens_block PASSED [ 18%]
tests/test_acceptance_regression_guard.py::TestDualLensMarkers::test_left_appears_before_right_in_document PASSED [ 18%]
tests/test_acceptance_regression_guard.py::TestDualLensMarkers::test_left_column_contains_at_least_one_article_bullet PASSED [ 18%]
tests/test_acceptance_regression_guard.py::TestDualLensMarkers::test_right_column_contains_at_least_one_article_bullet PASSED [ 18%]
tests/test_acceptance_regression_guard.py::TestSpinPctMarker::test_spin_pct_keyword_present PASSED [ 18%]
tests/test_acceptance_regression_guard.py::TestSpinPctMarker::test_spin_pct_followed_by_number_and_percent PASSED [ 18%]
tests/test_acceptance_regression_guard.py::TestSpinPctMarker::test_spin_pct_colon_present PASSED [ 18%]
tests/test_acceptance_regression_guard.py::TestSpinPctMarker::test_spin_pct_value_is_float_not_bare_int PASSED [ 18%]
tests/test_acceptance_regression_guard.py::TestSpinPctMarker::test_spin_pct_value_in_valid_range PASSED [ 18%]
tests/test_acceptance_regression_guard.py::TestSpinPctMarker::test_spin_pct_on_bullet_line_not_floating PASSED [ 18%]
tests/test_acceptance_regression_guard.py::TestSpinPctMarker::test_spin_pct_appears_on_at_least_one_bullet_line PASSED [ 18%]
tests/test_acceptance_regression_guard.py::TestSpinPctMarker::test_spin_pct_bullet_has_pipe_separator PASSED [ 18%]
tests/test_acceptance_regression_guard.py::TestSpinPctMarker::test_at_least_two_spin_pct_bullet_lines PASSED [ 18%]
tests/test_acceptance_regression_guard.py::TestSpinPctMarker::test_spin_pct_inside_dual_lens_block PASSED [ 18%]
tests/test_acceptance_regression_guard.py::TestSpinPctMarker::test_spin_pct_value_not_all_fifty_percent PASSED [ 18%]
tests/test_acceptance_regression_guard.py::TestPytestExitsZeroEvidence::test_no_test_file_invokes_pytest_recursively PASSED [ 18%]
tests/test_acceptance_regression_guard.py::TestPytestExitsZeroEvidence::test_acceptance_regression_guard_has_no_recursive_pytest PASSED [ 18%]
tests/test_acceptance_regression_guard.py::TestPytestExitsZeroEvidence::test_test_suite_has_substantive_coverage PASSED [ 18%]
tests/test_acceptance_regression_guard.py::TestPytestExitsZeroEvidence::test_situation_monitor_package_is_importable PASSED [ 18%]
tests/test_acceptance_regression_guard.py::TestPytestExitsZeroEvidence::test_required_fixture_files_exist PASSED [ 18%]
tests/test_acceptance_regression_guard.py::TestPytestExitsZeroEvidence::test_acceptance_py_syntax_is_valid PASSED [ 18%]
tests/test_acceptance_regression_guard.py::TestPytestExitsZeroEvidence::test_situation_monitor_main_syntax_is_valid PASSED [ 18%]
tests/test_acceptance_regression_guard.py::TestAllCriteriaSimultaneously::test_returncode_zero_and_non_empty_stdout_and_left_right_and_spin_pct PASSED [ 19%]
tests/test_acceptance_regression_guard.py::TestAllCriteriaSimultaneously::test_left_right_and_spin_pct_are_all_inside_dual_lens_block PASSED [ 19%]
tests/test_acceptance_shell_regression_guard.py::TestCriterion1AcceptanceExitsZero::test_returncode_is_zero PASSED [ 19%]
tests/test_acceptance_shell_regression_guard.py::TestCriterion1AcceptanceExitsZero::test_stdout_is_non_empty PASSED [ 19%]
tests/test_acceptance_shell_regression_guard.py::TestCriterion1AcceptanceExitsZero::test_no_traceback_in_stdout PASSED [ 19%]
tests/test_acceptance_shell_regression_guard.py::TestCriterion1AcceptanceExitsZero::test_no_traceback_in_stderr PASSED [ 19%]
tests/test_acceptance_shell_regression_guard.py::TestCriterion1AcceptanceExitsZero::test_offline_mode_no_api_error_in_stderr PASSED [ 19%]
tests/test_acceptance_shell_regression_guard.py::TestCriterion1AcceptanceExitsZero::test_shell_script_file_exists PASSED [ 19%]
tests/test_acceptance_shell_regression_guard.py::TestCriterion1AcceptanceExitsZero::test_shell_script_references_offline_backend PASSED [ 19%]
tests/test_acceptance_shell_regression_guard.py::TestCriterion1AcceptanceExitsZero::test_shell_script_invokes_acceptance_py PASSED [ 19%]
tests/test_acceptance_shell_regression_guard.py::TestCriterion1AcceptanceExitsZero::test_acceptance_py_exists PASSED [ 19%]
tests/test_acceptance_shell_regression_guard.py::TestCriterion1AcceptanceExitsZero::test_web_server_smoke_pass_in_stdout PASSED [ 19%]
tests/test_acceptance_shell_regression_guard.py::TestCriterion1AcceptanceExitsZero::test_discourse_carrier_line_emitted PASSED [ 19%]
tests/test_acceptance_shell_regression_guard.py::TestCriterion2DomainHeadersAndDualLens::test_world_domain_header_present PASSED [ 19%]
tests/test_acceptance_shell_regression_guard.py::TestCriterion2DomainHeadersAndDualLens::test_markets_domain_header_present PASSED [ 19%]
tests/test_acceptance_shell_regression_guard.py::TestCriterion2DomainHeadersAndDualLens::test_ai_domain_header_present PASSED [ 19%]
tests/test_acceptance_shell_regression_guard.py::TestCriterion2DomainHeadersAndDualLens::test_all_three_domain_headers_present_simultaneously PASSED [ 19%]
tests/test_acceptance_shell_regression_guard.py::TestCriterion2DomainHeadersAndDualLens::test_dual_lens_events_block_present PASSED [ 19%]
tests/test_acceptance_shell_regression_guard.py::TestCriterion2DomainHeadersAndDualLens::test_domain_sections_precede_dual_lens_block PASSED [ 19%]
tests/test_acceptance_shell_regression_guard.py::TestCriterion2DomainHeadersAndDualLens::test_domain_sections_in_canonical_order PASSED [ 19%]
tests/test_acceptance_shell_regression_guard.py::TestCriterion2DomainHeadersAndDualLens::test_each_domain_section_has_article_headings PASSED [ 19%]
tests/test_acceptance_shell_regression_guard.py::TestCriterion2DomainHeadersAndDualLens::test_left_and_right_headings_inside_dual_lens_block PASSED [ 19%]
tests/test_acceptance_shell_regression_guard.py::TestCriterion2DomainHeadersAndDualLens::test_dual_lens_block_has_event_h3_title PASSED [ 19%]
tests/test_acceptance_shell_regression_guard.py::TestCriterion2DomainHeadersAndDualLens::test_dual_lens_left_column_has_bullet_article PASSED [ 19%]
tests/test_acceptance_shell_regression_guard.py::TestCriterion2DomainHeadersAndDualLens::test_dual_lens_right_column_has_bullet_article PASSED [ 19%]
tests/test_acceptance_shell_regression_guard.py::TestCriterion2DomainHeadersAndDualLens::test_left_heading_precedes_right_heading_inside_dual_lens PASSED [ 19%]
tests/test_acceptance_shell_regression_guard.py::TestCriterion3SpinPctInDualLensBlock::test_spin_pct_keyword_in_dual_lens_block PASSED [ 19%]
tests/test_acceptance_shell_regression_guard.py::TestCriterion3SpinPctInDualLensBlock::test_spin_pct_decimal_percent_pattern_in_dual_lens_block PASSED [ 19%]
tests/test_acceptance_shell_regression_guard.py::TestCriterion3SpinPctInDualLensBlock::test_spin_pct_values_are_in_valid_range PASSED [ 19%]
tests/test_acceptance_shell_regression_guard.py::TestCriterion3SpinPctInDualLensBlock::test_spin_pct_uses_decimal_format_not_integer PASSED [ 19%]
tests/test_acceptance_shell_regression_guard.py::TestCriterion3SpinPctInDualLensBlock::test_at_least_two_spin_pct_values_in_dual_lens_block PASSED [ 19%]
tests/test_acceptance_shell_regression_guard.py::TestCriterion3SpinPctInDualLensBlock::test_spin_pct_values_are_not_all_fifty PASSED [ 19%]
tests/test_acceptance_shell_regression_guard.py::TestCriterion3SpinPctInDualLensBlock::test_spin_pct_on_bullet_article_lines PASSED [ 20%]
tests/test_acceptance_shell_regression_guard.py::TestCriterion3SpinPctInDualLensBlock::test_spin_delta_present_in_dual_lens_block PASSED [ 20%]
tests/test_acceptance_shell_regression_guard.py::TestCriterion3SpinPctInDualLensBlock::test_spin_delta_values_non_negative PASSED [ 20%]
tests/test_acceptance_shell_regression_guard.py::TestCriterion3SpinPctInDualLensBlock::test_spin_delta_nonzero_for_left_right_fixture PASSED [ 20%]
tests/test_acceptance_shell_regression_guard.py::TestCriterion3SpinPctInDualLensBlock::test_rationale_lines_present_in_dual_lens_block PASSED [ 20%]
tests/test_acceptance_shell_regression_guard.py::TestCriterion3SpinPctInDualLensBlock::test_spin_pct_annotates_both_left_and_right_articles PASSED [ 20%]
tests/test_acceptance_shell_regression_guard.py::TestCriterion4DigestDryRun::test_digest_dry_run_exits_zero PASSED [ 20%]
tests/test_acceptance_shell_regression_guard.py::TestCriterion4DigestDryRun::test_digest_contains_situation_monitor_bold_heading PASSED [ 20%]
tests/test_acceptance_shell_regression_guard.py::TestCriterion4DigestDryRun::test_digest_contains_bullet_entries PASSED [ 20%]
tests/test_acceptance_shell_regression_guard.py::TestCriterion4DigestDryRun::test_digest_bullet_entries_are_non_empty PASSED [ 20%]
tests/test_acceptance_shell_regression_guard.py::TestCriterion4DigestDryRun::test_digest_contains_top_stories_section PASSED [ 20%]
tests/test_acceptance_shell_regression_guard.py::TestCriterion4DigestDryRun::test_digest_uses_telegram_bold_not_atx_markdown PASSED [ 20%]
tests/test_acceptance_shell_regression_guard.py::TestCriterion4DigestDryRun::test_digest_contains_date_stamp PASSED [ 20%]
tests/test_acceptance_shell_regression_guard.py::TestCriterion4DigestDryRun::test_digest_no_traceback PASSED [ 20%]
tests/test_acceptance_shell_regression_guard.py::TestCriterion4DigestDryRun::test_digest_no_traceback_in_stderr PASSED [ 20%]
tests/test_acceptance_shell_regression_guard.py::TestCriterion4DigestDryRun::test_digest_is_non_empty PASSED [ 20%]
tests/test_acceptance_shell_regression_guard.py::TestCriterion4DigestDryRun::test_digest_has_at_least_one_story_bullet PASSED [ 20%]
tests/test_acceptance_shell_regression_guard.py::TestCriterion4DigestDryRun::test_digest_and_once_produce_different_output PASSED [ 20%]
tests/test_acceptance_shell_regression_guard.py::TestCriterion4DigestDryRun::test_acceptance_combined_stdout_contains_situation_monitor_bold PASSED [ 20%]
tests/test_acceptance_shell_regression_guard.py::TestCriterion4DigestDryRun::test_acceptance_combined_stdout_contains_bullet PASSED [ 20%]
tests/test_acceptance_shell_regression_guard.py::TestPrerequisiteGuards::test_rss_sample_xml_exists PASSED [ 20%]
[...]
tests/test_relevance.py::TestPromptConstruction::test_empty_body_article_does_not_crash PASSED [ 94%]
tests/test_relevance.py::TestReturnType::test_return_is_float PASSED     [ 94%]
tests/test_relevance.py::TestReturnType::test_return_within_unit_interval PASSED [ 94%]
tests/test_relevance.py::TestReturnType::test_integer_score_in_json_is_accepted PASSED [ 94%]
tests/test_relevance.py::TestReturnType::test_score_is_deterministic_for_same_stub PASSED [ 94%]
tests/test_reliability.py::TestRecordFetch::test_record_fetch_increments_fetch_count PASSED [ 94%]
tests/test_reliability.py::TestRecordFetch::test_record_fetch_increments_article_total PASSED [ 94%]
tests/test_reliability.py::TestRecordFetch::test_record_fetch_creates_source_on_first_call PASSED [ 94%]
tests/test_reliability.py::TestRecordFetch::test_record_fetch_zero_articles PASSED [ 94%]
tests/test_reliability.py::TestRecordFetch::test_record_fetch_large_count PASSED [ 94%]
tests/test_reliability.py::TestRecordFetch::test_multiple_sources_tracked_independently PASSED [ 94%]
tests/test_reliability.py::TestRecordFetch::test_sources_do_not_bleed_into_each_other PASSED [ 94%]
tests/test_reliability.py::TestGetTrackedReliability::test_returns_none_for_unknown_source PASSED [ 95%]
tests/test_reliability.py::TestGetTrackedReliability::test_returns_non_none_after_recording PASSED [ 95%]
tests/test_reliability.py::TestGetTrackedReliability::test_high_reliability_when_avg_ge_5 PASSED [ 95%]
tests/test_reliability.py::TestGetTrackedReliability::test_high_reliability_exact_boundary PASSED [ 95%]
tests/test_reliability.py::TestGetTrackedReliability::test_medium_reliability_avg_between_1_and_5 PASSED [ 95%]
tests/test_reliability.py::TestGetTrackedReliability::test_medium_reliability_exact_lower_boundary PASSED [ 95%]
tests/test_reliability.py::TestGetTrackedReliability::test_low_reliability_avg_below_1 PASSED [ 95%]
tests/test_reliability.py::TestGetTrackedReliability::test_label_reflects_accumulated_fetches PASSED [ 95%]
tests/test_reliability.py::TestGetTrackedReliability::test_avg_computed_across_multiple_fetches PASSED [ 95%]
tests/test_reliability.py::TestGetTrackedReliability::test_returns_string_not_enum PASSED [ 95%]
tests/test_reliability.py::TestLoadSave::test_save_then_load_round_trips PASSED [ 95%]
tests/test_reliability.py::TestLoadSave::test_save_produces_valid_json PASSED [ 95%]
tests/test_reliability.py::TestLoadSave::test_load_missing_file_starts_empty PASSED [ 95%]
tests/test_reliability.py::TestLoadSave::test_load_fresh_tracker_missing_file_stays_empty PASSED [ 95%]
tests/test_reliability.py::TestLoadSave::test_load_corrupt_json_does_not_raise PASSED [ 95%]
tests/test_reliability.py::TestLoadSave::test_load_empty_json_object_clears_data PASSED [ 95%]
tests/test_reliability.py::TestLoadSave::test_reliability_label_survives_round_trip PASSED [ 95%]
tests/test_reliability.py::TestLoadSave::test_save_overwrites_previous_file PASSED [ 95%]
tests/test_reliability.py::TestMultipleSourcesIndependent::test_five_sources_all_tracked PASSED [ 95%]
tests/test_reliability.py::TestMultipleSourcesIndependent::test_updating_one_source_does_not_affect_others PASSED [ 95%]
tests/test_reliability.py::TestMultipleSourcesIndependent::test_all_sources_survive_save_load PASSED [ 95%]
tests/test_source_config.py::TestDefaultSourceDefsBasic::test_is_a_list PASSED [ 95%]
tests/test_source_config.py::TestDefaultSourceDefsBasic::test_all_entries_are_source_def_instances PASSED [ 95%]
tests/test_source_config.py::TestDefaultSourceDefsBasic::test_has_at_least_36_entries PASSED [ 95%]
tests/test_source_config.py::TestDomainLensCoverage::test_world_left_has_at_least_three PASSED [ 95%]
tests/test_source_config.py::TestDomainLensCoverage::test_world_right_has_at_least_three PASSED [ 95%]
tests/test_source_config.py::TestDomainLensCoverage::test_world_centre_has_at_least_three PASSED [ 95%]
tests/test_source_config.py::TestDomainLensCoverage::test_world_state_has_at_least_three PASSED [ 95%]
tests/test_source_config.py::TestDomainLensCoverage::test_markets_left_has_at_least_three PASSED [ 95%]
tests/test_source_config.py::TestDomainLensCoverage::test_markets_right_has_at_least_three PASSED [ 95%]
tests/test_source_config.py::TestDomainLensCoverage::test_markets_centre_has_at_least_three PASSED [ 95%]
tests/test_source_config.py::TestDomainLensCoverage::test_markets_state_has_at_least_three PASSED [ 95%]
tests/test_source_config.py::TestDomainLensCoverage::test_ai_left_has_at_least_three PASSED [ 96%]
tests/test_source_config.py::TestDomainLensCoverage::test_ai_right_has_at_least_three PASSED [ 96%]
tests/test_source_config.py::TestDomainLensCoverage::test_ai_centre_has_at_least_three PASSED [ 96%]
tests/test_source_config.py::TestDomainLensCoverage::test_ai_state_has_at_least_three PASSED [ 96%]
tests/test_source_config.py::TestAllLensesPresentPerDomain::test_world_has_all_four_lenses PASSED [ 96%]
tests/test_source_config.py::TestAllLensesPresentPerDomain::test_markets_has_all_four_lenses PASSED [ 96%]
tests/test_source_config.py::TestAllLensesPresentPerDomain::test_ai_has_all_four_lenses PASSED [ 96%]
tests/test_source_config.py::TestAllLensesPresentPerDomain::test_no_unexpected_lenses_present PASSED [ 96%]
tests/test_source_config.py::TestThreeDomainsRepresented::test_exactly_three_domains_present PASSED [ 96%]
tests/test_source_config.py::TestSourceDefFieldIntegrity::test_all_urls_non_empty PASSED [ 96%]
tests/test_source_config.py::TestSourceDefFieldIntegrity::test_all_names_non_empty PASSED [ 96%]
tests/test_source_config.py::TestSourceDefFieldIntegrity::test_all_descriptions_non_empty PASSED [ 96%]
tests/test_source_config.py::TestSourceDefFieldIntegrity::test_all_lenses_are_non_empty_strings PASSED [ 96%]
tests/test_source_config.py::TestSourceDefFieldIntegrity::test_all_names_are_non_empty_strings PASSED [ 96%]
tests/test_source_config.py::TestSourceDefFieldIntegrity::test_all_descriptions_are_non_empty_strings PASSED [ 96%]
tests/test_source_config.py::TestSourceDefFieldIntegrity::test_all_urls_start_with_http PASSED [ 96%]
tests/test_source_config.py::TestSourceDefFieldIntegrity::test_all_domains_are_domain_enum_instances PASSED [ 96%]
tests/test_source_config.py::TestSourceDefFieldIntegrity::test_all_lenses_from_expected_set PASSED [ 96%]
tests/test_spin_estimator.py::TestReturnsSpinResult::test_returns_spin_result_instance PASSED [ 96%]
tests/test_spin_estimator.py::TestReturnsSpinResult::test_returns_spin_result_on_unparseable_llm_response PASSED [ 96%]
tests/test_spin_estimator.py::TestReturnsSpinResult::test_returns_spin_result_on_empty_llm_response PASSED [ 96%]
tests/test_spin_estimator.py::TestReturnsSpinResult::test_returns_spin_result_on_partial_json PASSED [ 96%]
tests/test_spin_estimator.py::TestSpinPctRange::test_spin_pct_mid_value_passes_through PASSED [ 96%]
tests/test_spin_estimator.py::TestSpinPctRange::test_spin_pct_at_zero PASSED [ 96%]
tests/test_spin_estimator.py::TestSpinPctRange::test_spin_pct_at_one PASSED [ 96%]
tests/test_spin_estimator.py::TestSpinPctRange::test_spin_pct_fractional_value PASSED [ 96%]
tests/test_spin_estimator.py::TestRubricKeys::test_rubric_has_four_expected_keys PASSED [ 96%]
tests/test_spin_estimator.py::TestRubricKeys::test_rubric_values_are_floats PASSED [ 96%]
tests/test_spin_estimator.py::TestRubricKeys::test_rubric_values_in_unit_interval PASSED [ 96%]
tests/test_spin_estimator.py::TestRubricKeys::test_rubric_is_empty_on_fallback PASSED [ 96%]
tests/test_spin_estimator.py::TestRubricKeys::test_rubric_loaded_language_key_present PASSED [ 96%]
tests/test_spin_estimator.py::TestRubricKeys::test_rubric_omission_key_present PASSED [ 96%]
tests/test_spin_estimator.py::TestRubricKeys::test_rubric_sourcing_asymmetry_key_present PASSED [ 97%]
tests/test_spin_estimator.py::TestRubricKeys::test_rubric_emotional_framing_key_present PASSED [ 97%]
tests/test_spin_estimator.py::TestReceiptsNonEmpty::test_receipts_non_empty_when_signals_fire PASSED [ 97%]
tests/test_spin_estimator.py::TestReceiptsNonEmpty::test_receipts_non_empty_when_no_signals_fire PASSED [ 97%]
tests/test_spin_estimator.py::TestReceiptsNonEmpty::test_receipts_names_fired_rubric_signals PASSED [ 97%]
tests/test_spin_estimator.py::TestReceiptsNonEmpty::test_receipts_non_empty_on_fallback PASSED [ 97%]
tests/test_spin_estimator.py::TestReceiptsNonEmpty::test_receipts_mentions_prior_lean_on_fallback PASSED [ 97%]
tests/test_spin_estimator.py::TestStubLLMUsedNoNetwork::test_stub_is_called_exactly_once PASSED [ 97%]
tests/test_spin_estimator.py::TestStubLLMUsedNoNetwork::test_prompt_contains_article_title PASSED [ 97%]
tests/test_spin_estimator.py::TestStubLLMUsedNoNetwork::test_prompt_contains_article_source PASSED [ 97%]
tests/test_spin_estimator.py::TestStubLLMUsedNoNetwork::test_prompt_contains_rubric_keywords PASSED [ 97%]
tests/test_spin_estimator.py::TestAIDomainArticle::test_ai_domain_hype_vs_substance_non_none PASSED [ 97%]
tests/test_spin_estimator.py::TestAIDomainArticle::test_ai_domain_hype_vs_substance_in_unit_interval PASSED [ 97%]
tests/test_spin_estimator.py::TestAIDomainArticle::test_ai_domain_hype_vs_substance_clamped_to_one PASSED [ 97%]
tests/test_spin_estimator.py::TestAIDomainArticle::test_ai_domain_hype_vs_substance_clamped_to_zero PASSED [ 97%]
tests/test_spin_estimator.py::TestAIDomainArticle::test_ai_domain_vendor_pr_is_set PASSED [ 97%]
tests/test_spin_estimator.py::TestAIDomainArticle::test_ai_domain_fallback_hype_vs_substance_non_none PASSED [ 97%]
tests/test_spin_estimator.py::TestAIDomainArticle::test_ai_domain_fallback_vendor_pr_set PASSED [ 97%]
tests/test_spin_estimator.py::TestAIDomainArticle::test_non_ai_domain_hype_vs_substance_is_none PASSED [ 97%]
tests/test_spin_estimator.py::TestAIDomainArticle::test_non_ai_domain_vendor_pr_is_none PASSED [ 97%]
tests/test_spin_estimator.py::TestAIDomainArticle::test_no_domain_hype_vs_substance_is_none PASSED [ 97%]
tests/test_spin_estimator.py::TestAIDomainArticle::test_ai_domain_null_hype_vs_substance_from_llm_falls_back_to_spin_pct PASSED [ 97%]
tests/test_url_safety.py::test_safe_url_neutralises_hostile_schemes[javascript:alert(1)] PASSED [ 97%]
tests/test_url_safety.py::test_safe_url_neutralises_hostile_schemes[JavaScript:alert(1)] PASSED [ 97%]
tests/test_url_safety.py::test_safe_url_neutralises_hostile_schemes[  javascript:alert(1)  ] PASSED [ 97%]
tests/test_url_safety.py::test_safe_url_neutralises_hostile_schemes[java\tscript:alert(1)] PASSED [ 97%]
tests/test_url_safety.py::test_safe_url_neutralises_hostile_schemes[java\nscript:alert(1)] PASSED [ 97%]
tests/test_url_safety.py::test_safe_url_neutralises_hostile_schemes[data:text/html,<script>alert(1)</script>] PASSED [ 97%]
tests/test_url_safety.py::test_safe_url_neutralises_hostile_schemes[vbscript:msgbox(1)] PASSED [ 97%]
tests/test_url_safety.py::test_safe_url_neutralises_hostile_schemes[file:///etc/passwd] PASSED [ 97%]
tests/test_url_safety.py::test_safe_url_preserves_safe_urls[http://example.com/a] PASSED [ 97%]
tests/test_url_safety.py::test_safe_url_preserves_safe_urls[https://example.com/a?x=1#frag] PASSED [ 97%]
tests/test_url_safety.py::test_safe_url_preserves_safe_urls[//cdn.example.com/a] PASSED [ 98%]
tests/test_url_safety.py::test_safe_url_preserves_safe_urls[/relative/path] PASSED [ 98%]
tests/test_url_safety.py::test_safe_url_handles_empty_and_none PASSED    [ 98%]
tests/test_url_safety.py::test_dashboard_does_not_emit_javascript_href PASSED [ 98%]
tests/test_url_safety.py::test_breaking_ping_link_strips_hostile_scheme PASSED [ 98%]
tests/test_url_safety.py::test_cli_markdown_strips_hostile_scheme PASSED [ 98%]
tests/test_yahoo_finance.py::TestYahooFinanceScraperHappyPath::test_returns_list PASSED [ 98%]
tests/test_yahoo_finance.py::TestYahooFinanceScraperHappyPath::test_one_article_per_symbol PASSED [ 98%]
tests/test_yahoo_finance.py::TestYahooFinanceScraperHappyPath::test_all_items_are_articles PASSED [ 98%]
tests/test_yahoo_finance.py::TestYahooFinanceScraperHappyPath::test_source_is_yahoo_finance PASSED [ 98%]
tests/test_yahoo_finance.py::TestYahooFinanceScraperHappyPath::test_reliability_is_high PASSED [ 98%]
tests/test_yahoo_finance.py::TestYahooFinanceScraperHappyPath::test_url_contains_symbol PASSED [ 98%]
tests/test_yahoo_finance.py::TestYahooFinanceScraperHappyPath::test_url_is_yahoo_finance PASSED [ 98%]
tests/test_yahoo_finance.py::TestYahooFinanceScraperHappyPath::test_body_contains_symbol PASSED [ 98%]
tests/test_yahoo_finance.py::TestYahooFinanceScraperHappyPath::test_body_contains_price PASSED [ 98%]
tests/test_yahoo_finance.py::TestYahooFinanceScraperHappyPath::test_body_contains_change_pct PASSED [ 98%]
tests/test_yahoo_finance.py::TestYahooFinanceScraperHappyPath::test_tags_include_symbol PASSED [ 98%]
tests/test_yahoo_finance.py::TestYahooFinanceScraperHappyPath::test_tags_include_yahoo_finance PASSED [ 98%]
tests/test_yahoo_finance.py::TestYahooFinanceScraperHappyPath::test_fx_symbol_tagged_fx PASSED [ 98%]
tests/test_yahoo_finance.py::TestYahooFinanceScraperHappyPath::test_commodity_symbol_tagged_commodities PASSED [ 98%]
tests/test_yahoo_finance.py::TestYahooFinanceScraperHappyPath::test_title_non_empty PASSED [ 98%]
tests/test_yahoo_finance.py::TestYahooFinanceScraperHappyPath::test_published_at_set PASSED [ 98%]
tests/test_yahoo_finance.py::TestYahooFinanceScraperHappyPath::test_price_in_title_when_available PASSED [ 98%]
tests/test_yahoo_finance.py::TestYahooFinanceScraperAllRequiredSymbols::test_all_required_symbols_produce_articles PASSED [ 98%]
tests/test_yahoo_finance.py::TestYahooFinanceScraperAllRequiredSymbols::test_each_required_symbol_has_body_with_symbol PASSED [ 98%]
tests/test_yahoo_finance.py::TestYahooFinanceScraperAllRequiredSymbols::test_fx_symbols_tagged_fx PASSED [ 98%]
tests/test_yahoo_finance.py::TestYahooFinanceScraperAllRequiredSymbols::test_commodity_symbols_tagged_commodities PASSED [ 98%]
tests/test_yahoo_finance.py::TestYahooFinanceScraperParsing::test_parses_price_from_fin_streamer PASSED [ 98%]
tests/test_yahoo_finance.py::TestYahooFinanceScraperParsing::test_parses_change_pct_from_fin_streamer PASSED [ 98%]
tests/test_yahoo_finance.py::TestYahooFinanceScraperParsing::test_json_fallback_parses_price PASSED [ 98%]
tests/test_yahoo_finance.py::TestYahooFinanceScraperParsing::test_json_fallback_parses_change_pct PASSED [ 98%]
tests/test_yahoo_finance.py::TestYahooFinanceScraperParsing::test_empty_html_still_produces_article PASSED [ 98%]
tests/test_yahoo_finance.py::TestYahooFinanceScraperParsing::test_no_fin_streamer_price_empty_in_body PASSED [ 99%]
tests/test_yahoo_finance.py::TestYahooFinanceScraperEdgeCases::test_empty_symbol_list_returns_empty PASSED [ 99%]
tests/test_yahoo_finance.py::TestYahooFinanceScraperEdgeCases::test_network_error_skips_symbol PASSED [ 99%]
tests/test_yahoo_finance.py::TestYahooFinanceScraperEdgeCases::test_partial_network_error_returns_successful_symbols PASSED [ 99%]
tests/test_yahoo_finance.py::TestYahooFinanceScraperEdgeCases::test_client_called_once_per_symbol PASSED [ 99%]
tests/test_yahoo_finance.py::TestYahooFinanceScraperEdgeCases::test_injected_client_used_not_real_network PASSED [ 99%]
tests/test_yahoo_finance.py::TestYahooFinanceScraperEdgeCases::test_duplicate_symbols_produce_two_articles PASSED [ 99%]
tests/test_yahoo_finance.py::TestYahooFinanceBodyFormat::test_body_format_is_symbol_price_change_pct PASSED [ 99%]
tests/test_yahoo_finance.py::TestYahooFinanceBodyFormat::test_body_price_value_exact PASSED [ 99%]
tests/test_yahoo_finance.py::TestYahooFinanceBodyFormat::test_change_pct_multiplied_by_100_negative PASSED [ 99%]
tests/test_yahoo_finance.py::TestYahooFinanceBodyFormat::test_change_pct_multiplied_by_100_positive PASSED [ 99%]
tests/test_yahoo_finance.py::TestYahooFinanceBodyFormat::test_change_pct_zero PASSED [ 99%]
tests/test_yahoo_finance.py::TestYahooFinanceBodyFormat::test_missing_price_field_price_empty_no_crash PASSED [ 99%]
tests/test_yahoo_finance.py::TestYahooFinanceBodyFormat::test_missing_price_field_price_empty_string_in_body PASSED [ 99%]
tests/test_yahoo_finance.py::TestYahooFinanceParserPrecision::test_value_attr_takes_precedence_over_text_content PASSED [ 99%]
tests/test_yahoo_finance.py::TestYahooFinanceParserPrecision::test_text_fallback_when_value_attr_empty PASSED [ 99%]
tests/test_yahoo_finance.py::TestYahooFinanceParserPrecision::test_first_price_fin_streamer_wins PASSED [ 99%]
tests/test_yahoo_finance.py::TestYahooFinanceParserPrecision::test_first_change_pct_fin_streamer_wins PASSED [ 99%]
tests/test_yahoo_finance.py::TestYahooFinanceParserPrecision::test_non_numeric_change_pct_value_stored_as_is PASSED [ 99%]
tests/test_yahoo_finance.py::TestYahooFinanceParserPrecision::test_json_fallback_negative_change_pct_math PASSED [ 99%]
tests/test_yahoo_finance.py::TestYahooFinanceParserPrecision::test_fin_streamer_price_wins_over_json_fallback PASSED [ 99%]
tests/test_yahoo_finance.py::TestYahooFinanceSymbolLabels::test_known_symbol_label_in_title PASSED [ 99%]
tests/test_yahoo_finance.py::TestYahooFinanceSymbolLabels::test_brent_crude_label PASSED [ 99%]
tests/test_yahoo_finance.py::TestYahooFinanceSymbolLabels::test_gold_label PASSED [ 99%]
tests/test_yahoo_finance.py::TestYahooFinanceSymbolLabels::test_eurusd_label PASSED [ 99%]
tests/test_yahoo_finance.py::TestYahooFinanceSymbolLabels::test_unknown_symbol_falls_back_to_symbol_in_title PASSED [ 99%]
tests/test_yahoo_finance.py::TestYahooFinanceSymbolLabels::test_unknown_symbol_tagged_commodities_when_no_x_suffix PASSED [ 99%]
tests/test_yahoo_finance.py::TestYahooFinanceSymbolLabels::test_unknown_fx_symbol_tagged_fx PASSED [ 99%]
tests/test_yahoo_finance.py::TestYahooFinanceUrlStructure::test_url_ends_with_trailing_slash PASSED [ 99%]
tests/test_yahoo_finance.py::TestYahooFinanceUrlStructure::test_urls_differ_per_symbol PASSED [ 99%]
tests/test_yahoo_finance.py::TestYahooFinanceUrlStructure::test_url_called_with_correct_symbol_path PASSED [ 99%]
tests/test_yahoo_finance.py::TestYahooFinanceUrlStructure::test_each_url_called_exactly_once PASSED [100%]

=============================== warnings summary ===============================
tests/situation_monitor/test_digest.py: 24 warnings
tests/test_ai_digest_domain_filter.py: 15 warnings
tests/test_equity_index_ai_section_domain_filter.py: 13 warnings
  /home/gutua/agentic-orchestrator/projects/.worktrees/edge_921ca0c22f3d/situation_monitor/digest.py:33: DeprecationWarning: datetime.datetime.utcnow() is deprecated and scheduled for removal in a future version. Use timezone-aware objects to represent datetimes in UTC: datetime.datetime.now(datetime.UTC).
    as_of = datetime.utcnow()

tests/test_cli.py::TestOnce::test_once_stdout_contains_at_least_one_article_title
tests/test_cli.py::TestOnce::test_once_stdout_contains_digest_header
tests/test_cli.py::TestOnce::test_once_llm_called_once_per_article
tests/test_cli.py::TestOnce::test_once_with_no_sources_prints_no_stories
tests/test_cli.py::TestOnce::test_once_does_not_write_to_stderr_on_clean_run
tests/test_cli.py::TestOnce::test_once_bad_source_warns_but_continues
tests/test_cli.py::TestOnce::test_once_respects_max_articles_env
  /home/gutua/agentic-orchestrator/projects/.worktrees/edge_921ca0c22f3d/situation_monitor/__main__.py:309: DeprecationWarning: datetime.datetime.utcnow() is deprecated and scheduled for removal in a future version. Use timezone-aware objects to represent datetimes in UTC: datetime.datetime.now(datetime.UTC).
    print(f"# Situation Monitor Digest — {datetime.utcnow().strftime('%Y-%m-%d %H:%M')} UTC\n")

tests/test_discourse_carrier.py: 10 warnings
  <string>:5: DeprecationWarning: datetime.datetime.utcnow() is deprecated and scheduled for removal in a future version. Use timezone-aware objects to represent datetimes in UTC: datetime.datetime.now(datetime.UTC).

-- Docs: https://docs.pytest.org/en/stable/how-to/capture-warnings.html
====================== 3199 passed, 69 warnings in 49.22s ======================
